"../../../Engine/Plugins/Animation/ACLPlugin/Content/ACLAnimCurveCompressionSettings.uasset" 0
"../../../Engine/Plugins/Animation/ACLPlugin/Content/ACLAnimCurveCompressionSettings.uexp" 1
"../../../Engine/Plugins/Animation/ACLPlugin/Content/ACLAnimBoneCompressionSettings.uasset" 2
"../../../Engine/Plugins/Animation/ACLPlugin/Content/ACLAnimBoneCompressionSettings.uexp" 3
"../../../Engine/Plugins/2D/Paper2D/Content/PlaceholderTextures/DummySpriteTexture.ubulk" 4
"../../../Engine/Plugins/2D/Paper2D/Content/PlaceholderTextures/DummySpriteTexture.uasset" 5
"../../../Engine/Plugins/2D/Paper2D/Content/PlaceholderTextures/DummySpriteTexture.uexp" 6
"../../../Engine/Plugins/2D/Paper2D/Content/DummySprite.uasset" 7
"../../../Engine/Plugins/2D/Paper2D/Content/DummySprite.uexp" 8
"../../../Engine/Plugins/2D/Paper2D/Content/DefaultPaperTerrainMaterial.uasset" 9
"../../../Engine/Plugins/2D/Paper2D/Content/DefaultPaperTerrainMaterial.uexp" 10
"../../../Engine/Plugins/Interchange/Runtime/Content/Pipelines/DefaultTexturePipeline.uasset" 11
"../../../Engine/Plugins/Interchange/Runtime/Content/Pipelines/DefaultTexturePipeline.uexp" 12
"../../../Engine/Plugins/Interchange/Runtime/Content/Pipelines/DefaultSceneLevelPipeline.uasset" 13
"../../../Engine/Plugins/Interchange/Runtime/Content/Pipelines/DefaultSceneLevelPipeline.uexp" 14
"../../../Engine/Plugins/Interchange/Runtime/Content/Pipelines/DefaultSceneAssetsPipeline.uasset" 15
"../../../Engine/Plugins/Interchange/Runtime/Content/Pipelines/DefaultSceneAssetsPipeline.uexp" 16
"../../../Engine/Plugins/Interchange/Runtime/Content/Pipelines/DefaultMaterialXPipeline.uasset" 17
"../../../Engine/Plugins/Interchange/Runtime/Content/Pipelines/DefaultMaterialXPipeline.uexp" 18
"../../../Engine/Plugins/Interchange/Runtime/Content/Pipelines/DefaultMaterialPipeline.uasset" 19
"../../../Engine/Plugins/Interchange/Runtime/Content/Pipelines/DefaultMaterialPipeline.uexp" 20
"../../../Engine/Plugins/Interchange/Runtime/Content/Pipelines/DefaultGLTFSceneAssetsPipeline.uasset" 21
"../../../Engine/Plugins/Interchange/Runtime/Content/Pipelines/DefaultGLTFSceneAssetsPipeline.uexp" 22
"../../../Engine/Plugins/Interchange/Runtime/Content/Pipelines/DefaultGLTFPipeline.uasset" 23
"../../../Engine/Plugins/Interchange/Runtime/Content/Pipelines/DefaultGLTFPipeline.uexp" 24
"../../../Engine/Plugins/Interchange/Runtime/Content/Pipelines/DefaultGLTFAssetsPipeline.uasset" 25
"../../../Engine/Plugins/Interchange/Runtime/Content/Pipelines/DefaultGLTFAssetsPipeline.uexp" 26
"../../../Engine/Plugins/Interchange/Runtime/Content/Pipelines/DefaultAssetsPipeline.uasset" 27
"../../../Engine/Plugins/Interchange/Runtime/Content/Pipelines/DefaultAssetsPipeline.uexp" 28
"../../../Engine/Plugins/Animation/ControlRig/Content/Controls/DefaultGizmoLibraryNormalized.uasset" 29
"../../../Engine/Plugins/Animation/ControlRig/Content/Controls/DefaultGizmoLibraryNormalized.uexp" 30
"../../../Engine/Content/EngineSounds/Master.uasset" 31
"../../../Engine/Content/EngineSounds/Master.uexp" 32
"../../../Engine/Content/EngineMaterials/DefaultPhysicalMaterial.uasset" 33
"../../../Engine/Content/EngineMaterials/DefaultPhysicalMaterial.uexp" 34
"../../../Engine/Content/EngineMaterials/DefaultDestructiblePhysicalMaterial.uasset" 35
"../../../Engine/Content/EngineMaterials/DefaultDestructiblePhysicalMaterial.uexp" 36
"../../../Engine/Content/EngineFonts/Faces/DroidSansFallback.uexp" 37
"../../../Engine/Content/EngineFonts/Faces/DroidSansFallback.uasset" 38
"../../../Engine/Content/EngineFonts/Faces/DroidSansFallback.ufont" 39
"../../../Engine/Content/EngineFonts/Faces/RobotoRegular.uexp" 40
"../../../Engine/Content/EngineFonts/Faces/RobotoRegular.uasset" 41
"../../../Engine/Content/EngineFonts/Faces/RobotoRegular.ufont" 42
"../../../Engine/Content/EngineFonts/Faces/RobotoLight.uexp" 43
"../../../Engine/Content/EngineFonts/Faces/RobotoLight.uasset" 44
"../../../Engine/Content/EngineFonts/Faces/RobotoLight.ufont" 45
"../../../Engine/Content/EngineFonts/Faces/RobotoItalic.uexp" 46
"../../../Engine/Content/EngineFonts/Faces/RobotoItalic.uasset" 47
"../../../Engine/Content/EngineFonts/Faces/RobotoItalic.ufont" 48
"../../../Engine/Content/EngineFonts/Faces/RobotoBoldItalic.uexp" 49
"../../../Engine/Content/EngineFonts/Faces/RobotoBoldItalic.uasset" 50
"../../../Engine/Content/EngineFonts/Faces/RobotoBoldItalic.ufont" 51
"../../../Engine/Content/EngineFonts/Faces/RobotoBold.uexp" 52
"../../../Engine/Content/EngineFonts/Faces/RobotoBold.uasset" 53
"../../../Engine/Content/EngineFonts/Faces/RobotoBold.ufont" 54
"../../../Engine/Content/EngineFonts/Roboto.uasset" 55
"../../../Engine/Content/EngineFonts/Roboto.uexp" 56
"../../../Engine/Content/EngineFonts/Faces/DroidSansMono.uexp" 57
"../../../Engine/Content/EngineFonts/Faces/DroidSansMono.uasset" 58
"../../../Engine/Content/EngineFonts/Faces/DroidSansMono.ufont" 59
"../../../Engine/Content/EngineFonts/DroidSansMono.uasset" 60
"../../../Engine/Content/EngineFonts/DroidSansMono.uexp" 61
"../../../Engine/Content/Animation/DefaultVariableFrameStrippingSettings.uasset" 62
"../../../Engine/Content/Animation/DefaultVariableFrameStrippingSettings.uexp" 63
"../../../Engine/Content/Animation/DefaultRecorderBoneCompression.uasset" 64
"../../../Engine/Content/Animation/DefaultRecorderBoneCompression.uexp" 65
"../../../Engine/Content/MobileResources/HUD/VirtualJoystick_Thumb.uasset" 66
"../../../Engine/Content/MobileResources/HUD/VirtualJoystick_Thumb.uexp" 67
"../../../Engine/Content/MobileResources/HUD/VirtualJoystick_Background.uasset" 68
"../../../Engine/Content/MobileResources/HUD/VirtualJoystick_Background.uexp" 69
"../../../Engine/Content/MobileResources/HUD/DefaultVirtualJoysticks.uasset" 70
"../../../Engine/Content/MobileResources/HUD/DefaultVirtualJoysticks.uexp" 71
"../../../Engine/Content/EngineResources/GradientTexture0.uasset" 72
"../../../Engine/Content/EngineResources/GradientTexture0.uexp" 73
"../../../Engine/Plugins/NNE/NNEDenoiser/Content/NNEDTOM_Output_Default.uasset" 74
"../../../Engine/Plugins/NNE/NNEDenoiser/Content/NNEDTOM_Output_Default.uexp" 75
"../../../Engine/Plugins/NNE/NNEDenoiser/Content/NNEDTOM_Output_Alpha.uasset" 76
"../../../Engine/Plugins/NNE/NNEDenoiser/Content/NNEDTOM_Output_Alpha.uexp" 77
"../../../Engine/Plugins/NNE/NNEDenoiser/Content/NNEDTIM_ColorAlbedoNormal_Default.uasset" 78
"../../../Engine/Plugins/NNE/NNEDenoiser/Content/NNEDTIM_ColorAlbedoNormal_Default.uexp" 79
"../../../Engine/Plugins/NNE/NNEDenoiser/Content/NNEDTIM_ColorAlbedoNormal_Alpha.uasset" 80
"../../../Engine/Plugins/NNE/NNEDenoiser/Content/NNEDTIM_ColorAlbedoNormal_Alpha.uexp" 81
"../../../Engine/Plugins/NNE/NNEDenoiser/Content/NNEDOM_Output_Default.uasset" 82
"../../../Engine/Plugins/NNE/NNEDenoiser/Content/NNEDOM_Output_Default.uexp" 83
"../../../Engine/Plugins/NNE/NNEDenoiser/Content/NNEDOM_Output_Alpha.uasset" 84
"../../../Engine/Plugins/NNE/NNEDenoiser/Content/NNEDOM_Output_Alpha.uexp" 85
"../../../Engine/Plugins/NNE/NNEDenoiser/Content/NNEDIM_HighQuality_Default.uasset" 86
"../../../Engine/Plugins/NNE/NNEDenoiser/Content/NNEDIM_HighQuality_Default.uexp" 87
"../../../Engine/Plugins/NNE/NNEDenoiser/Content/NNEDIM_HighQuality_Alpha.uasset" 88
"../../../Engine/Plugins/NNE/NNEDenoiser/Content/NNEDIM_HighQuality_Alpha.uexp" 89
"../../../Engine/Plugins/NNE/NNEDenoiser/Content/NNEDIM_ColorAlbedoNormal_Default.uasset" 90
"../../../Engine/Plugins/NNE/NNEDenoiser/Content/NNEDIM_ColorAlbedoNormal_Default.uexp" 91
"../../../Engine/Plugins/NNE/NNEDenoiser/Content/NNEDIM_ColorAlbedoNormal_Alpha.uasset" 92
"../../../Engine/Plugins/NNE/NNEDenoiser/Content/NNEDIM_ColorAlbedoNormal_Alpha.uexp" 93
"../../../Engine/Plugins/Runtime/AudioWidgets/Content/Resources/ScrubHandleDown_Clamped.uasset" 94
"../../../Engine/Plugins/Runtime/AudioWidgets/Content/Resources/ScrubHandleDown_Clamped.uexp" 95
"../../../Engine/Content/EngineResources/DefaultTexture.ubulk" 96
"../../../Engine/Content/EngineResources/DefaultTexture.uasset" 97
"../../../Engine/Content/EngineResources/DefaultTexture.uexp" 98
"../../../Engine/Content/EngineResources/Black.uasset" 99
"../../../Engine/Content/EngineResources/Black.uexp" 100
"../../../Engine/Content/EngineMaterials/PreintegratedSkinBRDF.uasset" 101
"../../../Engine/Content/EngineMaterials/PreintegratedSkinBRDF.uexp" 102
"../../../Engine/Content/EngineMaterials/MiniFont.uasset" 103
"../../../Engine/Content/EngineMaterials/MiniFont.uexp" 104
"../../../Engine/Content/EngineMaterials/FastBlueNoise_vec2_128x128x64.uasset" 105
"../../../Engine/Content/EngineMaterials/FastBlueNoise_vec2_128x128x64.uexp" 106
"../../../Engine/Content/EngineMaterials/FastBlueNoise_scalar_128x128x8.uasset" 107
"../../../Engine/Content/EngineMaterials/FastBlueNoise_scalar_128x128x8.uexp" 108
"../../../Engine/Content/EngineMaterials/FastBlueNoise_scalar_128x128x64.uasset" 109
"../../../Engine/Content/EngineMaterials/FastBlueNoise_scalar_128x128x64.uexp" 110
"../../../Engine/Content/EngineMaterials/DefaultWhiteGrid.ubulk" 111
"../../../Engine/Content/EngineMaterials/DefaultWhiteGrid.uasset" 112
"../../../Engine/Content/EngineMaterials/DefaultWhiteGrid.uexp" 113
"../../../Engine/Content/EngineMaterials/DefaultBokeh.uasset" 114
"../../../Engine/Content/EngineMaterials/DefaultBokeh.uexp" 115
"../../../Engine/Content/EngineMaterials/DefaultBloomKernel.uasset" 116
"../../../Engine/Content/EngineMaterials/DefaultBloomKernel.uexp" 117
"../../../Engine/Content/EditorResources/S_TriggerSphere.uasset" 118
"../../../Engine/Content/EditorResources/S_TriggerSphere.uexp" 119
"../../../Engine/Content/EditorResources/S_TriggerCapsule.uasset" 120
"../../../Engine/Content/EditorResources/S_TriggerCapsule.uexp" 121
"../../../Engine/Content/EditorResources/S_TriggerBox.uasset" 122
"../../../Engine/Content/EditorResources/S_TriggerBox.uexp" 123
"../../../Engine/Content/EditorResources/S_Trigger.ubulk" 124
"../../../Engine/Content/EditorResources/S_Trigger.uasset" 125
"../../../Engine/Content/EditorResources/S_Trigger.uexp" 126
"../../../Engine/Content/EditorResources/S_Terrain.ubulk" 127
"../../../Engine/Content/EditorResources/S_Terrain.uasset" 128
"../../../Engine/Content/EditorResources/S_Terrain.uexp" 129
"../../../Engine/Content/EditorResources/S_Solver.ubulk" 130
"../../../Engine/Content/EditorResources/S_Solver.uasset" 131
"../../../Engine/Content/EditorResources/S_Solver.uexp" 132
"../../../Engine/Content/EditorResources/S_BoxReflectionCapture.uasset" 133
"../../../Engine/Content/EditorResources/S_BoxReflectionCapture.uexp" 134
"../../../Engine/Content/EditorResources/S_Actor.ubulk" 135
"../../../Engine/Content/EditorResources/S_Actor.uasset" 136
"../../../Engine/Content/EditorResources/S_Actor.uexp" 137
"../../../Engine/Content/EditorResources/BSPVertex.uasset" 138
"../../../Engine/Content/EditorResources/BSPVertex.uexp" 139
"../../../Engine/Content/EngineResources/FilmGrains/Marcie_Grain_v3_128_M2_000.uasset" 140
"../../../Engine/Content/EngineResources/FilmGrains/Marcie_Grain_v3_128_M2_000.uexp" 141
"../../../Engine/Content/EngineResources/Development/ZenLogo_64.uasset" 142
"../../../Engine/Content/EngineResources/Development/ZenLogo_64.uexp" 143
"../../../Engine/Content/EngineMaterials/LTC/Sheen_LTC.uasset" 144
"../../../Engine/Content/EngineMaterials/LTC/Sheen_LTC.uexp" 145
"../../../Engine/Content/EngineMaterials/LTC/GGX_LTCMat.uasset" 146
"../../../Engine/Content/EngineMaterials/LTC/GGX_LTCMat.uexp" 147
"../../../Engine/Content/EngineMaterials/LTC/GGX_LTCAmp.uasset" 148
"../../../Engine/Content/EngineMaterials/LTC/GGX_LTCAmp.uexp" 149
"../../../Engine/Content/EngineMaterials/EnergyConservation/Sheen_Energy.uasset" 150
"../../../Engine/Content/EngineMaterials/EnergyConservation/Sheen_Energy.uexp" 151
"../../../Engine/Content/EngineMaterials/EnergyConservation/SheenLegacy_Energy.uasset" 152
"../../../Engine/Content/EngineMaterials/EnergyConservation/SheenLegacy_Energy.uexp" 153
"../../../Engine/Content/EngineMaterials/EnergyConservation/GGX_TransmissionEnergyArray.uasset" 154
"../../../Engine/Content/EngineMaterials/EnergyConservation/GGX_TransmissionEnergyArray.uexp" 155
"../../../Engine/Content/EngineMaterials/EnergyConservation/GGX_ReflectionEnergy.uasset" 156
"../../../Engine/Content/EngineMaterials/EnergyConservation/GGX_ReflectionEnergy.uexp" 157
"../../../Engine/Content/EngineMaterials/EnergyConservation/Diffuse_Energy.uasset" 158
"../../../Engine/Content/EngineMaterials/EnergyConservation/Diffuse_Energy.uexp" 159
"../../../Engine/Content/EditorResources/SequenceRecorder/RecordingIndicator.uasset" 160
"../../../Engine/Content/EditorResources/SequenceRecorder/RecordingIndicator.uexp" 161
"../../../Engine/Content/EditorResources/SequenceRecorder/Countdown.uasset" 162
"../../../Engine/Content/EditorResources/SequenceRecorder/Countdown.uexp" 163
"../../../Engine/Content/EditorMaterials/ParticleSystems/PSysThumbnail_OOD.ubulk" 164
"../../../Engine/Content/EditorMaterials/ParticleSystems/PSysThumbnail_OOD.uasset" 165
"../../../Engine/Content/EditorMaterials/ParticleSystems/PSysThumbnail_OOD.uexp" 166
"../../../Engine/Content/EditorMaterials/ParticleSystems/PSysThumbnail_NoImage.ubulk" 167
"../../../Engine/Content/EditorMaterials/ParticleSystems/PSysThumbnail_NoImage.uasset" 168
"../../../Engine/Content/EditorMaterials/ParticleSystems/PSysThumbnail_NoImage.uexp" 169
"../../../Engine/Content/EngineDamageTypes/DmgTypeBP_Environmental.uasset" 170
"../../../Engine/Content/EngineDamageTypes/DmgTypeBP_Environmental.uexp" 171
"C:/MyUnreal/EN6/Content/BluePrints/BPI_Interactable.uasset" 172
"C:/MyUnreal/EN6/Content/BluePrints/BPI_Interactable.uexp" 173
"C:/MyUnreal/EN6/Content/Widgets/WBP_Aim.uasset" 174
"C:/MyUnreal/EN6/Content/Widgets/WBP_Aim.uexp" 175
"C:/MyUnreal/EN6/Content/BluePrints/BP_ThirdPersonCharacter.uasset" 176
"C:/MyUnreal/EN6/Content/BluePrints/BP_ThirdPersonCharacter.uexp" 177
"C:/MyUnreal/EN6/Content/BluePrints/BP_EmptyGameMode.uasset" 178
"C:/MyUnreal/EN6/Content/BluePrints/BP_EmptyGameMode.uexp" 179
"../../../Engine/Content/EngineMeshes/Sphere.ubulk" 180
"../../../Engine/Content/EngineMeshes/Sphere.uasset" 181
"../../../Engine/Content/EngineMeshes/Sphere.uexp" 182
"../../../Engine/Content/EngineResources/DefaultTextureCube.uasset" 183
"../../../Engine/Content/EngineResources/DefaultTextureCube.uexp" 184
"../../../Engine/Content/EngineMaterials/T_Default_Material_Grid_M.ubulk" 185
"../../../Engine/Content/EngineMaterials/T_Default_Material_Grid_M.uasset" 186
"../../../Engine/Content/EngineMaterials/T_Default_Material_Grid_M.uexp" 187
"../../../Engine/Content/Functions/Engine_MaterialFunctions01/Opacity/CameraDepthFade.uasset" 188
"../../../Engine/Content/Functions/Engine_MaterialFunctions01/Opacity/CameraDepthFade.uexp" 189
"../../../Engine/Content/EngineMaterials/T_Default_Material_Grid_N.ubulk" 190
"../../../Engine/Content/EngineMaterials/T_Default_Material_Grid_N.uasset" 191
"../../../Engine/Content/EngineMaterials/T_Default_Material_Grid_N.uexp" 192
"../../../Engine/Content/EngineMaterials/WorldGridMaterial.uasset" 193
"../../../Engine/Content/EngineMaterials/WorldGridMaterial.uexp" 194
"../../../Engine/Plugins/Media/MediaPlate/Content/SM_MediaPlateScreen.ubulk" 195
"../../../Engine/Plugins/Media/MediaPlate/Content/SM_MediaPlateScreen.uasset" 196
"../../../Engine/Plugins/Media/MediaPlate/Content/SM_MediaPlateScreen.uexp" 197
"../../../Engine/Content/Functions/Engine_MaterialFunctions02/WorldPositionOffset/CameraOffset.uasset" 198
"../../../Engine/Content/Functions/Engine_MaterialFunctions02/WorldPositionOffset/CameraOffset.uexp" 199
"../../../Engine/Plugins/Animation/ControlRig/Content/M_Manip.uasset" 200
"../../../Engine/Plugins/Animation/ControlRig/Content/M_Manip.uexp" 201
"../../../Engine/Plugins/2D/Paper2D/Content/DefaultSpriteMaterial.uasset" 202
"../../../Engine/Plugins/2D/Paper2D/Content/DefaultSpriteMaterial.uexp" 203
"../../../Engine/Plugins/2D/Paper2D/Content/OpaqueUnlitSpriteMaterial.uasset" 204
"../../../Engine/Plugins/2D/Paper2D/Content/OpaqueUnlitSpriteMaterial.uexp" 205
"../../../Engine/Plugins/2D/Paper2D/Content/MaskedUnlitSpriteMaterial.uasset" 206
"../../../Engine/Plugins/2D/Paper2D/Content/MaskedUnlitSpriteMaterial.uexp" 207
"../../../Engine/Plugins/VirtualProduction/CameraCalibrationCore/Content/Materials/M_DefaultOddSquare.uasset" 208
"../../../Engine/Plugins/VirtualProduction/CameraCalibrationCore/Content/Materials/M_DefaultOddSquare.uexp" 209
"../../../Engine/Plugins/VirtualProduction/CameraCalibrationCore/Content/Materials/M_DefaultEvenSquare.uasset" 210
"../../../Engine/Plugins/VirtualProduction/CameraCalibrationCore/Content/Materials/M_DefaultEvenSquare.uexp" 211
"../../../Engine/Plugins/Runtime/HairStrands/Content/Materials/HairMeshesDefaultMaterial.uasset" 212
"../../../Engine/Plugins/Runtime/HairStrands/Content/Materials/HairMeshesDefaultMaterial.uexp" 213
"../../../Engine/Plugins/Runtime/HairStrands/Content/Materials/HairDefaultMaterial.uasset" 214
"../../../Engine/Plugins/Runtime/HairStrands/Content/Materials/HairDefaultMaterial.uexp" 215
"../../../Engine/Content/Functions/Engine_MaterialFunctions02/Utility/MakeFloat2.uasset" 216
"../../../Engine/Content/Functions/Engine_MaterialFunctions02/Utility/MakeFloat2.uexp" 217
"../../../Engine/Plugins/Runtime/HairStrands/Content/Materials/HairGroupColors.uasset" 218
"../../../Engine/Plugins/Runtime/HairStrands/Content/Materials/HairGroupColors.uexp" 219
"../../../Engine/Content/EngineMaterials/HairColorMap.uasset" 220
"../../../Engine/Content/EngineMaterials/HairColorMap.uexp" 221
"../../../Engine/Content/EngineMaterials/HairDebugColor.uasset" 222
"../../../Engine/Content/EngineMaterials/HairDebugColor.uexp" 223
"../../../Engine/Content/Functions/Engine_MaterialFunctions02/Utility/MakeFloat3.uasset" 224
"../../../Engine/Content/Functions/Engine_MaterialFunctions02/Utility/MakeFloat3.uexp" 225
"../../../Engine/Plugins/Runtime/HairStrands/Content/Materials/HairDebugMaterial.uasset" 226
"../../../Engine/Plugins/Runtime/HairStrands/Content/Materials/HairDebugMaterial.uexp" 227
"../../../Engine/Plugins/Runtime/HairStrands/Content/Materials/HairCardsDefaultMaterial.uasset" 228
"../../../Engine/Plugins/Runtime/HairStrands/Content/Materials/HairCardsDefaultMaterial.uexp" 229
"../../../Engine/Plugins/Interchange/Assets/Content/Functions/MX_UsdPreviewSurface.uasset" 230
"../../../Engine/Plugins/Interchange/Assets/Content/Functions/MX_UsdPreviewSurface.uexp" 231
"../../../Engine/Plugins/Interchange/Assets/Content/Functions/MX_UniformEDF.uasset" 232
"../../../Engine/Plugins/Interchange/Assets/Content/Functions/MX_UniformEDF.uexp" 233
"../../../Engine/Plugins/Interchange/Assets/Content/Functions/MX_TranslucentBSDF.uasset" 234
"../../../Engine/Plugins/Interchange/Assets/Content/Functions/MX_TranslucentBSDF.uexp" 235
"../../../Engine/Plugins/Interchange/Assets/Content/Functions/MX_ThinFilmBSDF.uasset" 236
"../../../Engine/Plugins/Interchange/Assets/Content/Functions/MX_ThinFilmBSDF.uexp" 237
"../../../Engine/Plugins/Interchange/Assets/Content/Functions/MX_SurfaceUnlit.uasset" 238
"../../../Engine/Plugins/Interchange/Assets/Content/Functions/MX_SurfaceUnlit.uexp" 239
"../../../Engine/Plugins/Interchange/Assets/Content/Functions/MX_Surface.uasset" 240
"../../../Engine/Plugins/Interchange/Assets/Content/Functions/MX_Surface.uexp" 241
"../../../Engine/Plugins/Interchange/Assets/Content/Functions/MX_SubsurfaceBSDF.uasset" 242
"../../../Engine/Plugins/Interchange/Assets/Content/Functions/MX_SubsurfaceBSDF.uexp" 243
"../../../Engine/Plugins/Interchange/Assets/Content/Functions/MX_SheenBSDF.uasset" 244
"../../../Engine/Plugins/Interchange/Assets/Content/Functions/MX_SheenBSDF.uexp" 245
"../../../Engine/Plugins/Interchange/Assets/Content/Functions/MX_OrenNayarBSDF.uasset" 246
"../../../Engine/Plugins/Interchange/Assets/Content/Functions/MX_OrenNayarBSDF.uexp" 247
"../../../Engine/Plugins/Interchange/Assets/Content/Functions/MF_IridescenceNoLUT.uasset" 248
"../../../Engine/Plugins/Interchange/Assets/Content/Functions/MF_IridescenceNoLUT.uexp" 249
"../../../Engine/Plugins/Interchange/Assets/Content/Functions/MX_StandardSurface.uasset" 250
"../../../Engine/Plugins/Interchange/Assets/Content/Functions/MX_StandardSurface.uexp" 251
"../../../Engine/Plugins/Interchange/Assets/Content/Functions/MX_TransmissionSurface.uasset" 252
"../../../Engine/Plugins/Interchange/Assets/Content/Functions/MX_TransmissionSurface.uexp" 253
"../../../Engine/Plugins/Interchange/Assets/Content/Functions/MX_OpenPBR_Translucent.uasset" 254
"../../../Engine/Plugins/Interchange/Assets/Content/Functions/MX_OpenPBR_Translucent.uexp" 255
"../../../Engine/Plugins/Interchange/Assets/Content/Functions/MX_OpenPBR_Opaque.uasset" 256
"../../../Engine/Plugins/Interchange/Assets/Content/Functions/MX_OpenPBR_Opaque.uexp" 257
"../../../Engine/Plugins/Interchange/Assets/Content/Functions/MX_MeasuredEDF.uasset" 258
"../../../Engine/Plugins/Interchange/Assets/Content/Functions/MX_MeasuredEDF.uexp" 259
"../../../Engine/Plugins/Interchange/Assets/Content/Functions/MX_GeneralizedSchlickBSDF.uasset" 260
"../../../Engine/Plugins/Interchange/Assets/Content/Functions/MX_GeneralizedSchlickBSDF.uexp" 261
"../../../Engine/Plugins/Interchange/Assets/Content/Functions/MX_Displacement.uasset" 262
"../../../Engine/Plugins/Interchange/Assets/Content/Functions/MX_Displacement.uexp" 263
"../../../Engine/Plugins/Interchange/Assets/Content/Functions/MX_DielectricBSDF.uasset" 264
"../../../Engine/Plugins/Interchange/Assets/Content/Functions/MX_DielectricBSDF.uexp" 265
"../../../Engine/Plugins/Interchange/Assets/Content/Functions/MX_ConicalEDF.uasset" 266
"../../../Engine/Plugins/Interchange/Assets/Content/Functions/MX_ConicalEDF.uexp" 267
"../../../Engine/Plugins/Interchange/Assets/Content/Functions/MX_ConductorBSDF.uasset" 268
"../../../Engine/Plugins/Interchange/Assets/Content/Functions/MX_ConductorBSDF.uexp" 269
"../../../Engine/Plugins/Interchange/Assets/Content/Functions/MX_BurleyDiffuseBSDF.uasset" 270
"../../../Engine/Plugins/Interchange/Assets/Content/Functions/MX_BurleyDiffuseBSDF.uexp" 271
"../../../Engine/Plugins/Interchange/Assets/Content/Functions/MX_AnisotropicVDF.uasset" 272
"../../../Engine/Plugins/Interchange/Assets/Content/Functions/MX_AnisotropicVDF.uexp" 273
"../../../Engine/Plugins/Interchange/Assets/Content/Functions/MX_AbsorptionVDF.uasset" 274
"../../../Engine/Plugins/Interchange/Assets/Content/Functions/MX_AbsorptionVDF.uexp" 275
"../../../Engine/Content/Functions/Engine_MaterialFunctions02/Utility/VectorLength.uasset" 276
"../../../Engine/Content/Functions/Engine_MaterialFunctions02/Utility/VectorLength.uexp" 277
"../../../Engine/Content/Functions/Engine_MaterialFunctions02/Utility/BreakOutFloat3Components.uasset" 278
"../../../Engine/Content/Functions/Engine_MaterialFunctions02/Utility/BreakOutFloat3Components.uexp" 279
"../../../Engine/Content/Functions/Engine_MaterialFunctions02/ObjectLocalBounds.uasset" 280
"../../../Engine/Content/Functions/Engine_MaterialFunctions02/ObjectLocalBounds.uexp" 281
"../../../Engine/Content/Functions/Engine_MaterialFunctions02/WorldPositionOffset/ObjectScale.uasset" 282
"../../../Engine/Content/Functions/Engine_MaterialFunctions02/WorldPositionOffset/ObjectScale.uexp" 283
"../../../Engine/Content/Functions/Engine_MaterialFunctions02/SafeNormalize.uasset" 284
"../../../Engine/Content/Functions/Engine_MaterialFunctions02/SafeNormalize.uexp" 285
"../../../Engine/Plugins/Editor/SpeedTreeImporter/Content/SpeedTree9/UnpackInteger3.uasset" 286
"../../../Engine/Plugins/Editor/SpeedTreeImporter/Content/SpeedTree9/UnpackInteger3.uexp" 287
"../../../Engine/Plugins/Editor/SpeedTreeImporter/Content/SpeedTree9/UnpackDirection.uasset" 288
"../../../Engine/Plugins/Editor/SpeedTreeImporter/Content/SpeedTree9/UnpackDirection.uexp" 289
"../../../Engine/Plugins/Editor/SpeedTreeImporter/Content/SpeedTree9/game_wind_noise.ubulk" 290
"../../../Engine/Plugins/Editor/SpeedTreeImporter/Content/SpeedTree9/game_wind_noise.uasset" 291
"../../../Engine/Plugins/Editor/SpeedTreeImporter/Content/SpeedTree9/game_wind_noise.uexp" 292
"../../../Engine/Plugins/Editor/SpeedTreeImporter/Content/SpeedTree9/SpeedTreeWindMotion.uasset" 293
"../../../Engine/Plugins/Editor/SpeedTreeImporter/Content/SpeedTree9/SpeedTreeWindMotion.uexp" 294
"../../../Engine/Plugins/Editor/SpeedTreeImporter/Content/SpeedTree9/SpeedTreeBranchMotion.uasset" 295
"../../../Engine/Plugins/Editor/SpeedTreeImporter/Content/SpeedTree9/SpeedTreeBranchMotion.uexp" 296
"../../../Engine/Content/Functions/Engine_MaterialFunctions02/UVs/BoundingBoxBased_0-1_UVW.uasset" 297
"../../../Engine/Content/Functions/Engine_MaterialFunctions02/UVs/BoundingBoxBased_0-1_UVW.uexp" 298
"../../../Engine/Plugins/Editor/SpeedTreeImporter/Content/SpeedTree9/SpeedTreeWind.uasset" 299
"../../../Engine/Plugins/Editor/SpeedTreeImporter/Content/SpeedTree9/SpeedTreeWind.uexp" 300
"../../../Engine/Plugins/Editor/SpeedTreeImporter/Content/SpeedTree9/SpeedTreeCameraFacing.uasset" 301
"../../../Engine/Plugins/Editor/SpeedTreeImporter/Content/SpeedTree9/SpeedTreeCameraFacing.uexp" 302
"../../../Engine/Plugins/Editor/SpeedTreeImporter/Content/SpeedTree9/EmptyNormal.uasset" 303
"../../../Engine/Plugins/Editor/SpeedTreeImporter/Content/SpeedTree9/EmptyNormal.uexp" 304
"../../../Engine/Plugins/Editor/SpeedTreeImporter/Content/SpeedTree9/Empty.uasset" 305
"../../../Engine/Plugins/Editor/SpeedTreeImporter/Content/SpeedTree9/Empty.uexp" 306
"../../../Engine/Plugins/Editor/SpeedTreeImporter/Content/SpeedTree9/SpeedTreeMaster.uasset" 307
"../../../Engine/Plugins/Editor/SpeedTreeImporter/Content/SpeedTree9/SpeedTreeMaster.uexp" 308
"../../../Engine/Plugins/Editor/SpeedTreeImporter/Content/SpeedTree9/SpeedTreeBillboard.uasset" 309
"../../../Engine/Plugins/Editor/SpeedTreeImporter/Content/SpeedTree9/SpeedTreeBillboard.uexp" 310
"../../../Engine/Plugins/Editor/SpeedTreeImporter/Content/SpeedTree9/SpeedTreeBillboardMaster.uasset" 311
"../../../Engine/Plugins/Editor/SpeedTreeImporter/Content/SpeedTree9/SpeedTreeBillboardMaster.uexp" 312
"../../../Engine/Plugins/Animation/ControlRig/Content/Controls/ControlRig_Wedge_solid.ubulk" 313
"../../../Engine/Plugins/Animation/ControlRig/Content/Controls/ControlRig_Wedge_solid.uasset" 314
"../../../Engine/Plugins/Animation/ControlRig/Content/Controls/ControlRig_Wedge_solid.uexp" 315
"../../../Engine/Plugins/Animation/ControlRig/Content/Controls/ControlRig_Wedge_3mm.ubulk" 316
"../../../Engine/Plugins/Animation/ControlRig/Content/Controls/ControlRig_Wedge_3mm.uasset" 317
"../../../Engine/Plugins/Animation/ControlRig/Content/Controls/ControlRig_Wedge_3mm.uexp" 318
"../../../Engine/Plugins/Animation/ControlRig/Content/Controls/ControlRig_Wedge_1mm.ubulk" 319
"../../../Engine/Plugins/Animation/ControlRig/Content/Controls/ControlRig_Wedge_1mm.uasset" 320
"../../../Engine/Plugins/Animation/ControlRig/Content/Controls/ControlRig_Wedge_1mm.uexp" 321
"../../../Engine/Plugins/Animation/ControlRig/Content/Controls/ControlRig_Triangle_solid.ubulk" 322
"../../../Engine/Plugins/Animation/ControlRig/Content/Controls/ControlRig_Triangle_solid.uasset" 323
"../../../Engine/Plugins/Animation/ControlRig/Content/Controls/ControlRig_Triangle_solid.uexp" 324
"../../../Engine/Plugins/Animation/ControlRig/Content/Controls/ControlRig_Triangle_3mm.ubulk" 325
"../../../Engine/Plugins/Animation/ControlRig/Content/Controls/ControlRig_Triangle_3mm.uasset" 326
"../../../Engine/Plugins/Animation/ControlRig/Content/Controls/ControlRig_Triangle_3mm.uexp" 327
"../../../Engine/Plugins/Animation/ControlRig/Content/Controls/ControlRig_Triangle_1mm.ubulk" 328
"../../../Engine/Plugins/Animation/ControlRig/Content/Controls/ControlRig_Triangle_1mm.uasset" 329
"../../../Engine/Plugins/Animation/ControlRig/Content/Controls/ControlRig_Triangle_1mm.uexp" 330
"../../../Engine/Plugins/Animation/ControlRig/Content/Controls/ControlRig_Star4_solid.ubulk" 331
"../../../Engine/Plugins/Animation/ControlRig/Content/Controls/ControlRig_Star4_solid.uasset" 332
"../../../Engine/Plugins/Animation/ControlRig/Content/Controls/ControlRig_Star4_solid.uexp" 333
"../../../Engine/Plugins/Animation/ControlRig/Content/Controls/ControlRig_Star4_3mm.ubulk" 334
"../../../Engine/Plugins/Animation/ControlRig/Content/Controls/ControlRig_Star4_3mm.uasset" 335
"../../../Engine/Plugins/Animation/ControlRig/Content/Controls/ControlRig_Star4_3mm.uexp" 336
"../../../Engine/Plugins/Animation/ControlRig/Content/Controls/ControlRig_Star4_1mm.ubulk" 337
"../../../Engine/Plugins/Animation/ControlRig/Content/Controls/ControlRig_Star4_1mm.uasset" 338
"../../../Engine/Plugins/Animation/ControlRig/Content/Controls/ControlRig_Star4_1mm.uexp" 339
"../../../Engine/Plugins/Animation/ControlRig/Content/Controls/ControlRig_Square_solid.ubulk" 340
"../../../Engine/Plugins/Animation/ControlRig/Content/Controls/ControlRig_Square_solid.uasset" 341
"../../../Engine/Plugins/Animation/ControlRig/Content/Controls/ControlRig_Square_solid.uexp" 342
"../../../Engine/Plugins/Animation/ControlRig/Content/Controls/ControlRig_Square_3mm.ubulk" 343
"../../../Engine/Plugins/Animation/ControlRig/Content/Controls/ControlRig_Square_3mm.uasset" 344
"../../../Engine/Plugins/Animation/ControlRig/Content/Controls/ControlRig_Square_3mm.uexp" 345
"../../../Engine/Plugins/Animation/ControlRig/Content/Controls/ControlRig_Square_1mm.ubulk" 346
"../../../Engine/Plugins/Animation/ControlRig/Content/Controls/ControlRig_Square_1mm.uasset" 347
"../../../Engine/Plugins/Animation/ControlRig/Content/Controls/ControlRig_Square_1mm.uexp" 348
"../../../Engine/Plugins/Animation/ControlRig/Content/Controls/ControlRig_Sphere_solid.ubulk" 349
"../../../Engine/Plugins/Animation/ControlRig/Content/Controls/ControlRig_Sphere_solid.uasset" 350
"../../../Engine/Plugins/Animation/ControlRig/Content/Controls/ControlRig_Sphere_solid.uexp" 351
"../../../Engine/Plugins/Animation/ControlRig/Content/Controls/ControlRig_Sphere_3mm.ubulk" 352
"../../../Engine/Plugins/Animation/ControlRig/Content/Controls/ControlRig_Sphere_3mm.uasset" 353
"../../../Engine/Plugins/Animation/ControlRig/Content/Controls/ControlRig_Sphere_3mm.uexp" 354
"../../../Engine/Plugins/Animation/ControlRig/Content/Controls/ControlRig_Sphere_1mm.ubulk" 355
"../../../Engine/Plugins/Animation/ControlRig/Content/Controls/ControlRig_Sphere_1mm.uasset" 356
"../../../Engine/Plugins/Animation/ControlRig/Content/Controls/ControlRig_Sphere_1mm.uexp" 357
"../../../Engine/Plugins/Animation/ControlRig/Content/Controls/ControlRig_RoundedTriangle_solid.ubulk" 358
"../../../Engine/Plugins/Animation/ControlRig/Content/Controls/ControlRig_RoundedTriangle_solid.uasset" 359
"../../../Engine/Plugins/Animation/ControlRig/Content/Controls/ControlRig_RoundedTriangle_solid.uexp" 360
"../../../Engine/Plugins/Animation/ControlRig/Content/Controls/ControlRig_RoundedTriangle_3mm.ubulk" 361
"../../../Engine/Plugins/Animation/ControlRig/Content/Controls/ControlRig_RoundedTriangle_3mm.uasset" 362
"../../../Engine/Plugins/Animation/ControlRig/Content/Controls/ControlRig_RoundedTriangle_3mm.uexp" 363
"../../../Engine/Plugins/Animation/ControlRig/Content/Controls/ControlRig_RoundedTriangle_1mm.ubulk" 364
"../../../Engine/Plugins/Animation/ControlRig/Content/Controls/ControlRig_RoundedTriangle_1mm.uasset" 365
"../../../Engine/Plugins/Animation/ControlRig/Content/Controls/ControlRig_RoundedTriangle_1mm.uexp" 366
"../../../Engine/Plugins/Animation/ControlRig/Content/Controls/ControlRig_RoundedSquare_solid.ubulk" 367
"../../../Engine/Plugins/Animation/ControlRig/Content/Controls/ControlRig_RoundedSquare_solid.uasset" 368
"../../../Engine/Plugins/Animation/ControlRig/Content/Controls/ControlRig_RoundedSquare_solid.uexp" 369
"../../../Engine/Plugins/Animation/ControlRig/Content/Controls/ControlRig_RoundedSquare_3mm.ubulk" 370
"../../../Engine/Plugins/Animation/ControlRig/Content/Controls/ControlRig_RoundedSquare_3mm.uasset" 371
"../../../Engine/Plugins/Animation/ControlRig/Content/Controls/ControlRig_RoundedSquare_3mm.uexp" 372
"../../../Engine/Plugins/Animation/ControlRig/Content/Controls/ControlRig_RoundedSquare_1mm.ubulk" 373
"../../../Engine/Plugins/Animation/ControlRig/Content/Controls/ControlRig_RoundedSquare_1mm.uasset" 374
"../../../Engine/Plugins/Animation/ControlRig/Content/Controls/ControlRig_RoundedSquare_1mm.uexp" 375
"../../../Engine/Plugins/Animation/ControlRig/Content/Controls/ControlRig_QuarterCircle_solid.ubulk" 376
"../../../Engine/Plugins/Animation/ControlRig/Content/Controls/ControlRig_QuarterCircle_solid.uasset" 377
"../../../Engine/Plugins/Animation/ControlRig/Content/Controls/ControlRig_QuarterCircle_solid.uexp" 378
"../../../Engine/Plugins/Animation/ControlRig/Content/Controls/ControlRig_QuarterCircle_3mm.ubulk" 379
"../../../Engine/Plugins/Animation/ControlRig/Content/Controls/ControlRig_QuarterCircle_3mm.uasset" 380
"../../../Engine/Plugins/Animation/ControlRig/Content/Controls/ControlRig_QuarterCircle_3mm.uexp" 381
"../../../Engine/Plugins/Animation/ControlRig/Content/Controls/ControlRig_QuarterCircle_1mm.ubulk" 382
"../../../Engine/Plugins/Animation/ControlRig/Content/Controls/ControlRig_QuarterCircle_1mm.uasset" 383
"../../../Engine/Plugins/Animation/ControlRig/Content/Controls/ControlRig_QuarterCircle_1mm.uexp" 384
"../../../Engine/Plugins/Animation/ControlRig/Content/Controls/ControlRig_Pyramid_solid.ubulk" 385
"../../../Engine/Plugins/Animation/ControlRig/Content/Controls/ControlRig_Pyramid_solid.uasset" 386
"../../../Engine/Plugins/Animation/ControlRig/Content/Controls/ControlRig_Pyramid_solid.uexp" 387
"../../../Engine/Plugins/Animation/ControlRig/Content/Controls/ControlRig_Pyramid_3mm.ubulk" 388
"../../../Engine/Plugins/Animation/ControlRig/Content/Controls/ControlRig_Pyramid_3mm.uasset" 389
"../../../Engine/Plugins/Animation/ControlRig/Content/Controls/ControlRig_Pyramid_3mm.uexp" 390
"../../../Engine/Plugins/Animation/ControlRig/Content/Controls/ControlRig_Pyramid_1mm.ubulk" 391
"../../../Engine/Plugins/Animation/ControlRig/Content/Controls/ControlRig_Pyramid_1mm.uasset" 392
"../../../Engine/Plugins/Animation/ControlRig/Content/Controls/ControlRig_Pyramid_1mm.uexp" 393
"../../../Engine/Plugins/Animation/ControlRig/Content/Controls/ControlRig_Octagon_solid.ubulk" 394
"../../../Engine/Plugins/Animation/ControlRig/Content/Controls/ControlRig_Octagon_solid.uasset" 395
"../../../Engine/Plugins/Animation/ControlRig/Content/Controls/ControlRig_Octagon_solid.uexp" 396
"../../../Engine/Plugins/Animation/ControlRig/Content/Controls/ControlRig_Octagon_3mm.ubulk" 397
"../../../Engine/Plugins/Animation/ControlRig/Content/Controls/ControlRig_Octagon_3mm.uasset" 398
"../../../Engine/Plugins/Animation/ControlRig/Content/Controls/ControlRig_Octagon_3mm.uexp" 399
"../../../Engine/Plugins/Animation/ControlRig/Content/Controls/ControlRig_Octagon_1mm.ubulk" 400
"../../../Engine/Plugins/Animation/ControlRig/Content/Controls/ControlRig_Octagon_1mm.uasset" 401
"../../../Engine/Plugins/Animation/ControlRig/Content/Controls/ControlRig_Octagon_1mm.uexp" 402
"../../../Engine/Plugins/Animation/ControlRig/Content/Controls/ControlRig_Hexagon_solid.ubulk" 403
"../../../Engine/Plugins/Animation/ControlRig/Content/Controls/ControlRig_Hexagon_solid.uasset" 404
"../../../Engine/Plugins/Animation/ControlRig/Content/Controls/ControlRig_Hexagon_solid.uexp" 405
"../../../Engine/Plugins/Animation/ControlRig/Content/Controls/ControlRig_Hexagon_3mm.ubulk" 406
"../../../Engine/Plugins/Animation/ControlRig/Content/Controls/ControlRig_Hexagon_3mm.uasset" 407
"../../../Engine/Plugins/Animation/ControlRig/Content/Controls/ControlRig_Hexagon_3mm.uexp" 408
"../../../Engine/Plugins/Animation/ControlRig/Content/Controls/ControlRig_Hexagon_1mm.ubulk" 409
"../../../Engine/Plugins/Animation/ControlRig/Content/Controls/ControlRig_Hexagon_1mm.uasset" 410
"../../../Engine/Plugins/Animation/ControlRig/Content/Controls/ControlRig_Hexagon_1mm.uexp" 411
"../../../Engine/Plugins/Animation/ControlRig/Content/Controls/ControlRig_HalfCircle_solid.ubulk" 412
"../../../Engine/Plugins/Animation/ControlRig/Content/Controls/ControlRig_HalfCircle_solid.uasset" 413
"../../../Engine/Plugins/Animation/ControlRig/Content/Controls/ControlRig_HalfCircle_solid.uexp" 414
"../../../Engine/Plugins/Animation/ControlRig/Content/Controls/ControlRig_HalfCircle_3mm.ubulk" 415
"../../../Engine/Plugins/Animation/ControlRig/Content/Controls/ControlRig_HalfCircle_3mm.uasset" 416
"../../../Engine/Plugins/Animation/ControlRig/Content/Controls/ControlRig_HalfCircle_3mm.uexp" 417
"../../../Engine/Plugins/Animation/ControlRig/Content/Controls/ControlRig_HalfCircle_1mm.ubulk" 418
"../../../Engine/Plugins/Animation/ControlRig/Content/Controls/ControlRig_HalfCircle_1mm.uasset" 419
"../../../Engine/Plugins/Animation/ControlRig/Content/Controls/ControlRig_HalfCircle_1mm.uexp" 420
"../../../Engine/Plugins/Animation/ControlRig/Content/Controls/ControlRig_Diamond_solid.ubulk" 421
"../../../Engine/Plugins/Animation/ControlRig/Content/Controls/ControlRig_Diamond_solid.uasset" 422
"../../../Engine/Plugins/Animation/ControlRig/Content/Controls/ControlRig_Diamond_solid.uexp" 423
"../../../Engine/Plugins/Animation/ControlRig/Content/Controls/ControlRig_Diamond_3mm.ubulk" 424
"../../../Engine/Plugins/Animation/ControlRig/Content/Controls/ControlRig_Diamond_3mm.uasset" 425
"../../../Engine/Plugins/Animation/ControlRig/Content/Controls/ControlRig_Diamond_3mm.uexp" 426
"../../../Engine/Plugins/Animation/ControlRig/Content/Controls/ControlRig_Diamond_1mm.ubulk" 427
"../../../Engine/Plugins/Animation/ControlRig/Content/Controls/ControlRig_Diamond_1mm.uasset" 428
"../../../Engine/Plugins/Animation/ControlRig/Content/Controls/ControlRig_Diamond_1mm.uexp" 429
"../../../Engine/Plugins/Animation/ControlRig/Content/Controls/ControlRig_Circle_solid.ubulk" 430
"../../../Engine/Plugins/Animation/ControlRig/Content/Controls/ControlRig_Circle_solid.uasset" 431
"../../../Engine/Plugins/Animation/ControlRig/Content/Controls/ControlRig_Circle_solid.uexp" 432
"../../../Engine/Plugins/Animation/ControlRig/Content/Controls/ControlRig_Circle_3mm.ubulk" 433
"../../../Engine/Plugins/Animation/ControlRig/Content/Controls/ControlRig_Circle_3mm.uasset" 434
"../../../Engine/Plugins/Animation/ControlRig/Content/Controls/ControlRig_Circle_3mm.uexp" 435
"../../../Engine/Plugins/Animation/ControlRig/Content/Controls/ControlRig_Circle_1mm.ubulk" 436
"../../../Engine/Plugins/Animation/ControlRig/Content/Controls/ControlRig_Circle_1mm.uasset" 437
"../../../Engine/Plugins/Animation/ControlRig/Content/Controls/ControlRig_Circle_1mm.uexp" 438
"../../../Engine/Plugins/Animation/ControlRig/Content/Controls/ControlRig_Box_solid.ubulk" 439
"../../../Engine/Plugins/Animation/ControlRig/Content/Controls/ControlRig_Box_solid.uasset" 440
"../../../Engine/Plugins/Animation/ControlRig/Content/Controls/ControlRig_Box_solid.uexp" 441
"../../../Engine/Plugins/Animation/ControlRig/Content/Controls/ControlRig_Box_3mm.ubulk" 442
"../../../Engine/Plugins/Animation/ControlRig/Content/Controls/ControlRig_Box_3mm.uasset" 443
"../../../Engine/Plugins/Animation/ControlRig/Content/Controls/ControlRig_Box_3mm.uexp" 444
"../../../Engine/Plugins/Animation/ControlRig/Content/Controls/ControlRig_Box_1mm.ubulk" 445
"../../../Engine/Plugins/Animation/ControlRig/Content/Controls/ControlRig_Box_1mm.uasset" 446
"../../../Engine/Plugins/Animation/ControlRig/Content/Controls/ControlRig_Box_1mm.uexp" 447
"../../../Engine/Plugins/Animation/ControlRig/Content/Controls/ControlRig_Arrow_solid.ubulk" 448
"../../../Engine/Plugins/Animation/ControlRig/Content/Controls/ControlRig_Arrow_solid.uasset" 449
"../../../Engine/Plugins/Animation/ControlRig/Content/Controls/ControlRig_Arrow_solid.uexp" 450
"../../../Engine/Plugins/Animation/ControlRig/Content/Controls/ControlRig_Arrow_3mm.ubulk" 451
"../../../Engine/Plugins/Animation/ControlRig/Content/Controls/ControlRig_Arrow_3mm.uasset" 452
"../../../Engine/Plugins/Animation/ControlRig/Content/Controls/ControlRig_Arrow_3mm.uexp" 453
"../../../Engine/Plugins/Animation/ControlRig/Content/Controls/ControlRig_Arrow_1mm.ubulk" 454
"../../../Engine/Plugins/Animation/ControlRig/Content/Controls/ControlRig_Arrow_1mm.uasset" 455
"../../../Engine/Plugins/Animation/ControlRig/Content/Controls/ControlRig_Arrow_1mm.uexp" 456
"../../../Engine/Plugins/Animation/ControlRig/Content/Controls/ControlRig_Arrow4_solid.ubulk" 457
"../../../Engine/Plugins/Animation/ControlRig/Content/Controls/ControlRig_Arrow4_solid.uasset" 458
"../../../Engine/Plugins/Animation/ControlRig/Content/Controls/ControlRig_Arrow4_solid.uexp" 459
"../../../Engine/Plugins/Animation/ControlRig/Content/Controls/ControlRig_Arrow4_3mm.ubulk" 460
"../../../Engine/Plugins/Animation/ControlRig/Content/Controls/ControlRig_Arrow4_3mm.uasset" 461
"../../../Engine/Plugins/Animation/ControlRig/Content/Controls/ControlRig_Arrow4_3mm.uexp" 462
"../../../Engine/Plugins/Animation/ControlRig/Content/Controls/ControlRig_Arrow4_1mm.ubulk" 463
"../../../Engine/Plugins/Animation/ControlRig/Content/Controls/ControlRig_Arrow4_1mm.uasset" 464
"../../../Engine/Plugins/Animation/ControlRig/Content/Controls/ControlRig_Arrow4_1mm.uexp" 465
"../../../Engine/Plugins/Animation/ControlRig/Content/Controls/ControlRig_Arrow2_solid.ubulk" 466
"../../../Engine/Plugins/Animation/ControlRig/Content/Controls/ControlRig_Arrow2_solid.uasset" 467
"../../../Engine/Plugins/Animation/ControlRig/Content/Controls/ControlRig_Arrow2_solid.uexp" 468
"../../../Engine/Plugins/Animation/ControlRig/Content/Controls/ControlRig_Arrow2_3mm.ubulk" 469
"../../../Engine/Plugins/Animation/ControlRig/Content/Controls/ControlRig_Arrow2_3mm.uasset" 470
"../../../Engine/Plugins/Animation/ControlRig/Content/Controls/ControlRig_Arrow2_3mm.uexp" 471
"../../../Engine/Plugins/Animation/ControlRig/Content/Controls/ControlRig_Arrow2_1mm.ubulk" 472
"../../../Engine/Plugins/Animation/ControlRig/Content/Controls/ControlRig_Arrow2_1mm.uasset" 473
"../../../Engine/Plugins/Animation/ControlRig/Content/Controls/ControlRig_Arrow2_1mm.uexp" 474
"../../../Engine/Plugins/Animation/ControlRig/Content/Controls/ControlRigXRayMaterial.uasset" 475
"../../../Engine/Plugins/Animation/ControlRig/Content/Controls/ControlRigXRayMaterial.uexp" 476
"../../../Engine/Plugins/Animation/ControlRig/Content/Controls/ControlRigGizmoMaterial.uasset" 477
"../../../Engine/Plugins/Animation/ControlRig/Content/Controls/ControlRigGizmoMaterial.uexp" 478
"../../../Engine/Content/EngineResources/DefaultVolumeTexture2D.uasset" 479
"../../../Engine/Content/EngineResources/DefaultVolumeTexture2D.uexp" 480
"../../../Engine/Content/EngineResources/DefaultVolumeTexture.uasset" 481
"../../../Engine/Content/EngineResources/DefaultVolumeTexture.uexp" 482
"../../../Engine/Content/EngineResources/WhiteSquareTexture.uasset" 483
"../../../Engine/Content/EngineResources/WhiteSquareTexture.uexp" 484
"../../../Engine/Content/EngineMaterials/Widget3DPassThrough.uasset" 485
"../../../Engine/Content/EngineMaterials/Widget3DPassThrough.uexp" 486
"../../../Engine/Content/EngineMaterials/Widget3DPassThrough_Translucent.uasset" 487
"../../../Engine/Content/EngineMaterials/Widget3DPassThrough_Translucent.uexp" 488
"../../../Engine/Content/EngineMaterials/Widget3DPassThrough_Translucent_OneSided.uasset" 489
"../../../Engine/Content/EngineMaterials/Widget3DPassThrough_Translucent_OneSided.uexp" 490
"../../../Engine/Content/EngineMaterials/Widget3DPassThrough_Opaque.uasset" 491
"../../../Engine/Content/EngineMaterials/Widget3DPassThrough_Opaque.uexp" 492
"../../../Engine/Content/EngineMaterials/Widget3DPassThrough_Opaque_OneSided.uasset" 493
"../../../Engine/Content/EngineMaterials/Widget3DPassThrough_Opaque_OneSided.uexp" 494
"../../../Engine/Content/EngineMaterials/Widget3DPassThrough_Masked_OneSided.uasset" 495
"../../../Engine/Content/EngineMaterials/Widget3DPassThrough_Masked_OneSided.uexp" 496
"../../../Engine/Content/EngineMaterials/Widget3DPassThrough_Masked.uasset" 497
"../../../Engine/Content/EngineMaterials/Widget3DPassThrough_Masked.uexp" 498
"../../../Engine/Content/EngineMaterials/WeightMapPlaceholderTexture.uasset" 499
"../../../Engine/Content/EngineMaterials/WeightMapPlaceholderTexture.uexp" 500
"../../../Engine/Content/EngineMaterials/WeightMapArrayPlaceholderTexture.uasset" 501
"../../../Engine/Content/EngineMaterials/WeightMapArrayPlaceholderTexture.uexp" 502
"../../../Engine/Content/EngineMaterials/RemoveSurfaceMaterial.uasset" 503
"../../../Engine/Content/EngineMaterials/RemoveSurfaceMaterial.uexp" 504
"../../../Engine/Content/EngineMaterials/DefaultCalibrationGrayscale.uasset" 505
"../../../Engine/Content/EngineMaterials/DefaultCalibrationGrayscale.uexp" 506
"../../../Engine/Content/EngineMaterials/PPM_DefaultCalibrationGrayscale.uasset" 507
"../../../Engine/Content/EngineMaterials/PPM_DefaultCalibrationGrayscale.uexp" 508
"../../../Engine/Content/EngineMaterials/DefaultCalibrationColor.uasset" 509
"../../../Engine/Content/EngineMaterials/DefaultCalibrationColor.uexp" 510
"../../../Engine/Content/EngineMaterials/PPM_DefaultCalibrationColor.uasset" 511
"../../../Engine/Content/EngineMaterials/PPM_DefaultCalibrationColor.uexp" 512
"../../../Engine/Content/EngineMaterials/PhAT_JointLimitMaterial.uasset" 513
"../../../Engine/Content/EngineMaterials/PhAT_JointLimitMaterial.uexp" 514
"../../../Engine/Content/EngineMaterials/NaniteHiddenSectionMaterial.uasset" 515
"../../../Engine/Content/EngineMaterials/NaniteHiddenSectionMaterial.uexp" 516
"../../../Engine/Content/EngineMaterials/InvalidLightmapSettings.ubulk" 517
"../../../Engine/Content/EngineMaterials/InvalidLightmapSettings.uasset" 518
"../../../Engine/Content/EngineMaterials/InvalidLightmapSettings.uexp" 519
"../../../Engine/Content/EngineMaterials/M_InvalidLightmapSettings.uasset" 520
"../../../Engine/Content/EngineMaterials/M_InvalidLightmapSettings.uexp" 521
"../../../Engine/Content/EngineMaterials/GizmoMaterial.uasset" 522
"../../../Engine/Content/EngineMaterials/GizmoMaterial.uexp" 523
"../../../Engine/Content/EngineMaterials/BaseFlattenDiffuseMap_VT.ubulk" 524
"../../../Engine/Content/EngineMaterials/BaseFlattenDiffuseMap_VT.uasset" 525
"../../../Engine/Content/EngineMaterials/BaseFlattenDiffuseMap_VT.uexp" 526
"../../../Engine/Content/EngineMaterials/BaseFlattenEmissiveMap_VT.ubulk" 527
"../../../Engine/Content/EngineMaterials/BaseFlattenEmissiveMap_VT.uasset" 528
"../../../Engine/Content/EngineMaterials/BaseFlattenEmissiveMap_VT.uexp" 529
"../../../Engine/Content/EngineMaterials/BaseFlattenGrayscaleMap_VT.ubulk" 530
"../../../Engine/Content/EngineMaterials/BaseFlattenGrayscaleMap_VT.uasset" 531
"../../../Engine/Content/EngineMaterials/BaseFlattenGrayscaleMap_VT.uexp" 532
"../../../Engine/Content/EngineMaterials/BaseFlattenLinearColor_VT.ubulk" 533
"../../../Engine/Content/EngineMaterials/BaseFlattenLinearColor_VT.uasset" 534
"../../../Engine/Content/EngineMaterials/BaseFlattenLinearColor_VT.uexp" 535
"../../../Engine/Content/EngineMaterials/BaseFlattenNormalMap_VT.ubulk" 536
"../../../Engine/Content/EngineMaterials/BaseFlattenNormalMap_VT.uasset" 537
"../../../Engine/Content/EngineMaterials/BaseFlattenNormalMap_VT.uexp" 538
"../../../Engine/Content/EngineMaterials/Black_1x1_EXR_Texture_VT.ubulk" 539
"../../../Engine/Content/EngineMaterials/Black_1x1_EXR_Texture_VT.uasset" 540
"../../../Engine/Content/EngineMaterials/Black_1x1_EXR_Texture_VT.uexp" 541
"../../../Engine/Content/EngineMaterials/FlattenMaterial_WS_Normal_VT.uasset" 542
"../../../Engine/Content/EngineMaterials/FlattenMaterial_WS_Normal_VT.uexp" 543
"../../../Engine/Content/EngineMaterials/FlattenMaterial_VT.uasset" 544
"../../../Engine/Content/EngineMaterials/FlattenMaterial_VT.uexp" 545
"../../../Engine/Content/EngineMaterials/BaseFlattenLinearColor.uasset" 546
"../../../Engine/Content/EngineMaterials/BaseFlattenLinearColor.uexp" 547
"../../../Engine/Content/EngineMaterials/BaseFlattenNormalMap.uasset" 548
"../../../Engine/Content/EngineMaterials/BaseFlattenNormalMap.uexp" 549
"../../../Engine/Content/Functions/Engine_MaterialFunctions02/PivotPainter2/Black_1x1_EXR_Texture.uasset" 550
"../../../Engine/Content/Functions/Engine_MaterialFunctions02/PivotPainter2/Black_1x1_EXR_Texture.uexp" 551
"../../../Engine/Content/EngineMaterials/BaseFlattenDiffuseMap.uasset" 552
"../../../Engine/Content/EngineMaterials/BaseFlattenDiffuseMap.uexp" 553
"../../../Engine/Content/EngineMaterials/BaseFlattenEmissiveMap.uasset" 554
"../../../Engine/Content/EngineMaterials/BaseFlattenEmissiveMap.uexp" 555
"../../../Engine/Content/EngineMaterials/BaseFlattenGrayscaleMap.uasset" 556
"../../../Engine/Content/EngineMaterials/BaseFlattenGrayscaleMap.uexp" 557
"../../../Engine/Content/EngineMaterials/FlattenMaterial.uasset" 558
"../../../Engine/Content/EngineMaterials/FlattenMaterial.uexp" 559
"../../../Engine/Content/EngineMaterials/DefaultWhiteGrid_Low.uasset" 560
"../../../Engine/Content/EngineMaterials/DefaultWhiteGrid_Low.uexp" 561
"../../../Engine/Content/EngineMaterials/EmissiveMeshMaterial.uasset" 562
"../../../Engine/Content/EngineMaterials/EmissiveMeshMaterial.uexp" 563
"../../../Engine/Content/EngineFonts/RobotoDistanceField.uasset" 564
"../../../Engine/Content/EngineFonts/RobotoDistanceField.uexp" 565
"../../../Engine/Content/EngineMaterials/DefaultTextMaterialOpaque.uasset" 566
"../../../Engine/Content/EngineMaterials/DefaultTextMaterialOpaque.uexp" 567
"../../../Engine/Content/Functions/Engine_MaterialFunctions02/Utility/BreakOutFloat2Components.uasset" 568
"../../../Engine/Content/Functions/Engine_MaterialFunctions02/Utility/BreakOutFloat2Components.uexp" 569
"../../../Engine/Content/EngineMaterials/DefaultDiffuse.ubulk" 570
"../../../Engine/Content/EngineMaterials/DefaultDiffuse.uasset" 571
"../../../Engine/Content/EngineMaterials/DefaultDiffuse.uexp" 572
"../../../Engine/Content/EngineMaterials/DefaultPostProcessMaterial.uasset" 573
"../../../Engine/Content/EngineMaterials/DefaultPostProcessMaterial.uexp" 574
"../../../Engine/Content/EngineMaterials/DefaultLightFunctionMaterial.uasset" 575
"../../../Engine/Content/EngineMaterials/DefaultLightFunctionMaterial.uexp" 576
"../../../Engine/Content/EngineMaterials/DefaultDeferredDecalMaterial.uasset" 577
"../../../Engine/Content/EngineMaterials/DefaultDeferredDecalMaterial.uexp" 578
"../../../Engine/Content/Functions/Engine_MaterialFunctions02/Utility/CameraDirectionVector.uasset" 579
"../../../Engine/Content/Functions/Engine_MaterialFunctions02/Utility/CameraDirectionVector.uexp" 580
"../../../Engine/Content/EngineDebugMaterials/VolumeToRender.uasset" 581
"../../../Engine/Content/EngineDebugMaterials/VolumeToRender.uexp" 582
"../../../Engine/Content/EngineDebugMaterials/M_VolumeRenderSphereTracePP.uasset" 583
"../../../Engine/Content/EngineDebugMaterials/M_VolumeRenderSphereTracePP.uexp" 584
"../../../Engine/Content/EngineDebugMaterials/M_SimpleUnlitTranslucent.uasset" 585
"../../../Engine/Content/EngineDebugMaterials/M_SimpleUnlitTranslucent.uexp" 586
"../../../Engine/Content/EngineDebugMaterials/DebugMeshMaterial.uasset" 587
"../../../Engine/Content/EngineDebugMaterials/DebugMeshMaterial.uexp" 588
"../../../Engine/Content/EngineDebugMaterials/DebugEditorMaterial.uasset" 589
"../../../Engine/Content/EngineDebugMaterials/DebugEditorMaterial.uexp" 590
"../../../Engine/Content/EditorMaterials/PreviewShadowIndicator.ubulk" 591
"../../../Engine/Content/EditorMaterials/PreviewShadowIndicator.uasset" 592
"../../../Engine/Content/EditorMaterials/PreviewShadowIndicator.uexp" 593
"../../../Engine/Content/EditorMaterials/PreviewShadowIndicatorMaterial.uasset" 594
"../../../Engine/Content/EditorMaterials/PreviewShadowIndicatorMaterial.uexp" 595
"../../../Engine/Content/EditorMaterials/PhAT_UnselectedMaterial.uasset" 596
"../../../Engine/Content/EditorMaterials/PhAT_UnselectedMaterial.uexp" 597
"../../../Engine/Content/EditorMaterials/PhAT_NoCollisionMaterial.uasset" 598
"../../../Engine/Content/EditorMaterials/PhAT_NoCollisionMaterial.uexp" 599
"../../../Engine/Content/EditorLandscapeResources/SplineEditorMeshMat.uasset" 600
"../../../Engine/Content/EditorLandscapeResources/SplineEditorMeshMat.uexp" 601
"../../../Engine/Content/EditorLandscapeResources/SplineEditorMesh.ubulk" 602
"../../../Engine/Content/EditorLandscapeResources/SplineEditorMesh.uasset" 603
"../../../Engine/Content/EditorLandscapeResources/SplineEditorMesh.uexp" 604
"../../../Engine/Content/EditorLandscapeResources/WhiteSquareTexture.uasset" 605
"../../../Engine/Content/EditorLandscapeResources/WhiteSquareTexture.uexp" 606
"../../../Engine/Content/EditorLandscapeResources/DefaultAlphaTexture.uasset" 607
"../../../Engine/Content/EditorLandscapeResources/DefaultAlphaTexture.uexp" 608
"../../../Engine/Content/Functions/Engine_MaterialFunctions03/Math/WithinRangeFloat2.uasset" 609
"../../../Engine/Content/Functions/Engine_MaterialFunctions03/Math/WithinRangeFloat2.uexp" 610
"../../../Engine/Content/EditorLandscapeResources/SelectBrushMaterial.uasset" 611
"../../../Engine/Content/EditorLandscapeResources/SelectBrushMaterial.uexp" 612
"../../../Engine/Content/EditorLandscapeResources/SelectBrushMaterial_SelectedRegion.uasset" 613
"../../../Engine/Content/EditorLandscapeResources/SelectBrushMaterial_SelectedRegion.uexp" 614
"../../../Engine/Content/EditorLandscapeResources/SelectBrushMaterial_Selected.uasset" 615
"../../../Engine/Content/EditorLandscapeResources/SelectBrushMaterial_Selected.uexp" 616
"../../../Engine/Content/EditorLandscapeResources/MaskBrushMaterial.uasset" 617
"../../../Engine/Content/EditorLandscapeResources/MaskBrushMaterial.uexp" 618
"../../../Engine/Content/EditorLandscapeResources/MaskBrushMaterial_MaskedRegion.uasset" 619
"../../../Engine/Content/EditorLandscapeResources/MaskBrushMaterial_MaskedRegion.uexp" 620
"../../../Engine/Content/EditorLandscapeResources/LayerVisMaterial.uasset" 621
"../../../Engine/Content/EditorLandscapeResources/LayerVisMaterial.uexp" 622
"../../../Engine/Content/Functions/Engine_MaterialFunctions01/Texturing/ScaleUVsByCenter.uasset" 623
"../../../Engine/Content/Functions/Engine_MaterialFunctions01/Texturing/ScaleUVsByCenter.uexp" 624
"../../../Engine/Content/Functions/Engine_MaterialFunctions02/WorldPositionOffset/LocalPosition.uasset" 625
"../../../Engine/Content/Functions/Engine_MaterialFunctions02/WorldPositionOffset/LocalPosition.uexp" 626
"../../../Engine/Content/Functions/Engine_MaterialFunctions01/Texturing/TextureCropping.uasset" 627
"../../../Engine/Content/Functions/Engine_MaterialFunctions01/Texturing/TextureCropping.uexp" 628
"../../../Engine/Content/Functions/Engine_MaterialFunctions02/ExampleContent/DebugNumberStrip.uasset" 629
"../../../Engine/Content/Functions/Engine_MaterialFunctions02/ExampleContent/DebugNumberStrip.uexp" 630
"../../../Engine/Content/Functions/Engine_MaterialFunctions01/Debug/DebugIntValues.uasset" 631
"../../../Engine/Content/Functions/Engine_MaterialFunctions01/Debug/DebugIntValues.uexp" 632
"../../../Engine/Content/EditorLandscapeResources/LandscapeLayerUsageMaterial.uasset" 633
"../../../Engine/Content/EditorLandscapeResources/LandscapeLayerUsageMaterial.uexp" 634
"../../../Engine/Content/EditorLandscapeResources/LandscapeDirtyMaterial.uasset" 635
"../../../Engine/Content/EditorLandscapeResources/LandscapeDirtyMaterial.uexp" 636
"../../../Engine/Content/EditorLandscapeResources/ColorMaskBrushMaterial.uasset" 637
"../../../Engine/Content/EditorLandscapeResources/ColorMaskBrushMaterial.uexp" 638
"../../../Engine/Content/EditorLandscapeResources/ColorMaskBrushMaterial_MaskedRegion.uasset" 639
"../../../Engine/Content/EditorLandscapeResources/ColorMaskBrushMaterial_MaskedRegion.uexp" 640
"../../../Engine/Content/EngineMaterials/DefaultMaterial.uasset" 641
"../../../Engine/Content/EngineMaterials/DefaultMaterial.uexp" 642
"../../../Engine/Content/BasicShapes/Sphere.ubulk" 643
"../../../Engine/Content/BasicShapes/Sphere.uasset" 644
"../../../Engine/Content/BasicShapes/Sphere.uexp" 645
"../../../Engine/Content/BasicShapes/Plane.ubulk" 646
"../../../Engine/Content/BasicShapes/Plane.uasset" 647
"../../../Engine/Content/BasicShapes/Plane.uexp" 648
"../../../Engine/Content/BasicShapes/Cylinder.ubulk" 649
"../../../Engine/Content/BasicShapes/Cylinder.uasset" 650
"../../../Engine/Content/BasicShapes/Cylinder.uexp" 651
"../../../Engine/Content/BasicShapes/Cone.ubulk" 652
"../../../Engine/Content/BasicShapes/Cone.uasset" 653
"../../../Engine/Content/BasicShapes/Cone.uexp" 654
"../../../Engine/Content/BasicShapes/BasicShapeMaterial.uasset" 655
"../../../Engine/Content/BasicShapes/BasicShapeMaterial.uexp" 656
"../../../Engine/Plugins/Interchange/Assets/Content/gltf/Textures/T_White_srgb.uasset" 657
"../../../Engine/Plugins/Interchange/Assets/Content/gltf/Textures/T_White_srgb.uexp" 658
"../../../Engine/Plugins/Interchange/Assets/Content/gltf/MaterialFunctions/MF_BaseColor.uasset" 659
"../../../Engine/Plugins/Interchange/Assets/Content/gltf/MaterialFunctions/MF_BaseColor.uexp" 660
"../../../Engine/Plugins/Interchange/Assets/Content/gltf/MaterialFunctions/MF_RotateV2.uasset" 661
"../../../Engine/Plugins/Interchange/Assets/Content/gltf/MaterialFunctions/MF_RotateV2.uexp" 662
"../../../Engine/Plugins/Interchange/Assets/Content/gltf/MaterialFunctions/MF_TransformUVs.uasset" 663
"../../../Engine/Plugins/Interchange/Assets/Content/gltf/MaterialFunctions/MF_TransformUVs.uexp" 664
"../../../Engine/Plugins/Interchange/Assets/Content/gltf/MaterialBodies/MF_Unlit_Body.uasset" 665
"../../../Engine/Plugins/Interchange/Assets/Content/gltf/MaterialBodies/MF_Unlit_Body.uexp" 666
"../../../Engine/Plugins/Interchange/Assets/Content/gltf/M_Unlit.uasset" 667
"../../../Engine/Plugins/Interchange/Assets/Content/gltf/M_Unlit.uexp" 668
"../../../Engine/Plugins/Interchange/Assets/Content/gltf/MaterialInstances/MI_Unlit_Opaque_DS.uasset" 669
"../../../Engine/Plugins/Interchange/Assets/Content/gltf/MaterialInstances/MI_Unlit_Opaque_DS.uexp" 670
"../../../Engine/Plugins/Interchange/Assets/Content/gltf/MaterialInstances/MI_Unlit_Opaque.uasset" 671
"../../../Engine/Plugins/Interchange/Assets/Content/gltf/MaterialInstances/MI_Unlit_Opaque.uexp" 672
"../../../Engine/Plugins/Interchange/Assets/Content/gltf/MaterialInstances/MI_Unlit_Mask_DS.uasset" 673
"../../../Engine/Plugins/Interchange/Assets/Content/gltf/MaterialInstances/MI_Unlit_Mask_DS.uexp" 674
"../../../Engine/Plugins/Interchange/Assets/Content/gltf/MaterialInstances/MI_Unlit_Mask.uasset" 675
"../../../Engine/Plugins/Interchange/Assets/Content/gltf/MaterialInstances/MI_Unlit_Mask.uexp" 676
"../../../Engine/Plugins/Interchange/Assets/Content/gltf/MaterialInstances/MI_Unlit_Blend_DS.uasset" 677
"../../../Engine/Plugins/Interchange/Assets/Content/gltf/MaterialInstances/MI_Unlit_Blend_DS.uexp" 678
"../../../Engine/Plugins/Interchange/Assets/Content/gltf/MaterialInstances/MI_Unlit_Blend.uasset" 679
"../../../Engine/Plugins/Interchange/Assets/Content/gltf/MaterialInstances/MI_Unlit_Blend.uexp" 680
"../../../Engine/Content/EngineMaterials/Good64x64TilingNoiseHighFreq.uasset" 681
"../../../Engine/Content/EngineMaterials/Good64x64TilingNoiseHighFreq.uexp" 682
"../../../Engine/Content/Functions/Engine_MaterialFunctions02/Texturing/ScreenAlignedPixelToPixelUVs.uasset" 683
"../../../Engine/Content/Functions/Engine_MaterialFunctions02/Texturing/ScreenAlignedPixelToPixelUVs.uexp" 684
"../../../Engine/Plugins/Interchange/Assets/Content/Utilities/New_LUT.uasset" 685
"../../../Engine/Plugins/Interchange/Assets/Content/Utilities/New_LUT.uexp" 686
"../../../Engine/Content/Functions/Engine_MaterialFunctions03/Math/RemapValueRange.uasset" 687
"../../../Engine/Content/Functions/Engine_MaterialFunctions03/Math/RemapValueRange.uexp" 688
"../../../Engine/Plugins/Interchange/Assets/Content/Functions/MF_Iridescence.uasset" 689
"../../../Engine/Plugins/Interchange/Assets/Content/Functions/MF_Iridescence.uexp" 690
"../../../Engine/Plugins/Interchange/Assets/Content/gltf/MaterialFunctions/MF_Fresnel_DS.uasset" 691
"../../../Engine/Plugins/Interchange/Assets/Content/gltf/MaterialFunctions/MF_Fresnel_DS.uexp" 692
"../../../Engine/Plugins/Interchange/Assets/Content/gltf/MaterialFunctions/MF_IOR.uasset" 693
"../../../Engine/Plugins/Interchange/Assets/Content/gltf/MaterialFunctions/MF_IOR.uexp" 694
"../../../Engine/Plugins/Interchange/Assets/Content/gltf/MaterialFunctions/MF_Iridescence.uasset" 695
"../../../Engine/Plugins/Interchange/Assets/Content/gltf/MaterialFunctions/MF_Iridescence.uexp" 696
"../../../Engine/Plugins/Interchange/Assets/Content/gltf/Textures/T_White_Linear.uasset" 697
"../../../Engine/Plugins/Interchange/Assets/Content/gltf/Textures/T_White_Linear.uexp" 698
"../../../Engine/Plugins/Interchange/Assets/Content/gltf/MaterialFunctions/MF_MetallicRoughness.uasset" 699
"../../../Engine/Plugins/Interchange/Assets/Content/gltf/MaterialFunctions/MF_MetallicRoughness.uexp" 700
"../../../Engine/Content/Functions/Engine_MaterialFunctions02/Math/Transform3x3Matrix.uasset" 701
"../../../Engine/Content/Functions/Engine_MaterialFunctions02/Math/Transform3x3Matrix.uexp" 702
"../../../Engine/Plugins/Interchange/Assets/Content/gltf/MaterialFunctions/MF_RotateNormals_TS.uasset" 703
"../../../Engine/Plugins/Interchange/Assets/Content/gltf/MaterialFunctions/MF_RotateNormals_TS.uexp" 704
"../../../Engine/Plugins/Interchange/Assets/Content/gltf/MaterialFunctions/MF_ScaleNormal.uasset" 705
"../../../Engine/Plugins/Interchange/Assets/Content/gltf/MaterialFunctions/MF_ScaleNormal.uexp" 706
"../../../Engine/Plugins/Interchange/Assets/Content/gltf/Textures/T_Generic_N.uasset" 707
"../../../Engine/Plugins/Interchange/Assets/Content/gltf/Textures/T_Generic_N.uexp" 708
"../../../Engine/Plugins/Interchange/Assets/Content/gltf/MaterialFunctions/MF_Normals.uasset" 709
"../../../Engine/Plugins/Interchange/Assets/Content/gltf/MaterialFunctions/MF_Normals.uexp" 710
"../../../Engine/Plugins/Interchange/Assets/Content/gltf/MaterialFunctions/MF_Occlusion.uasset" 711
"../../../Engine/Plugins/Interchange/Assets/Content/gltf/MaterialFunctions/MF_Occlusion.uexp" 712
"../../../Engine/Plugins/Interchange/Assets/Content/gltf/MaterialFunctions/MF_Specular.uasset" 713
"../../../Engine/Plugins/Interchange/Assets/Content/gltf/MaterialFunctions/MF_Specular.uexp" 714
"../../../Engine/Plugins/Interchange/Assets/Content/gltf/Textures/T_Anisotropy_Direction_Linear.uasset" 715
"../../../Engine/Plugins/Interchange/Assets/Content/gltf/Textures/T_Anisotropy_Direction_Linear.uexp" 716
"../../../Engine/Plugins/Interchange/Assets/Content/gltf/MaterialFunctions/MF_SpecularAnisotropy.uasset" 717
"../../../Engine/Plugins/Interchange/Assets/Content/gltf/MaterialFunctions/MF_SpecularAnisotropy.uexp" 718
"../../../Engine/Plugins/Interchange/Assets/Content/gltf/MaterialFunctions/MF_Temporal_Blur.uasset" 719
"../../../Engine/Plugins/Interchange/Assets/Content/gltf/MaterialFunctions/MF_Temporal_Blur.uexp" 720
"../../../Engine/Plugins/Interchange/Assets/Content/gltf/MaterialFunctions/MF_Transmission.uasset" 721
"../../../Engine/Plugins/Interchange/Assets/Content/gltf/MaterialFunctions/MF_Transmission.uexp" 722
"../../../Engine/Plugins/Interchange/Assets/Content/gltf/MaterialBodies/MF_Transmission_Body.uasset" 723
"../../../Engine/Plugins/Interchange/Assets/Content/gltf/MaterialBodies/MF_Transmission_Body.uexp" 724
"../../../Engine/Plugins/Interchange/Assets/Content/gltf/M_Transmission.uasset" 725
"../../../Engine/Plugins/Interchange/Assets/Content/gltf/M_Transmission.uexp" 726
"../../../Engine/Plugins/Interchange/Assets/Content/gltf/MaterialInstances/MI_Transmission_DS.uasset" 727
"../../../Engine/Plugins/Interchange/Assets/Content/gltf/MaterialInstances/MI_Transmission_DS.uexp" 728
"../../../Engine/Plugins/Interchange/Assets/Content/gltf/MaterialInstances/MI_Transmission.uasset" 729
"../../../Engine/Plugins/Interchange/Assets/Content/gltf/MaterialInstances/MI_Transmission.uexp" 730
"../../../Engine/Content/Functions/Engine_MaterialFunctions02/Math/AddComponents.uasset" 731
"../../../Engine/Content/Functions/Engine_MaterialFunctions02/Math/AddComponents.uexp" 732
"../../../Engine/Plugins/Interchange/Assets/Content/gltf/MaterialFunctions/MF_DiffuseSpecGloss.uasset" 733
"../../../Engine/Plugins/Interchange/Assets/Content/gltf/MaterialFunctions/MF_DiffuseSpecGloss.uexp" 734
"../../../Engine/Plugins/Interchange/Assets/Content/gltf/MaterialFunctions/MF_Emissive.uasset" 735
"../../../Engine/Plugins/Interchange/Assets/Content/gltf/MaterialFunctions/MF_Emissive.uexp" 736
"../../../Engine/Plugins/Interchange/Assets/Content/gltf/MaterialFunctions/MF_MaxComponentValue.uasset" 737
"../../../Engine/Plugins/Interchange/Assets/Content/gltf/MaterialFunctions/MF_MaxComponentValue.uexp" 738
"../../../Engine/Plugins/Interchange/Assets/Content/gltf/MaterialFunctions/MF_PerceivedBrightness.uasset" 739
"../../../Engine/Plugins/Interchange/Assets/Content/gltf/MaterialFunctions/MF_PerceivedBrightness.uexp" 740
"../../../Engine/Plugins/Interchange/Assets/Content/gltf/MaterialFunctions/MF_SpecGlossToMetalRoughness.uasset" 741
"../../../Engine/Plugins/Interchange/Assets/Content/gltf/MaterialFunctions/MF_SpecGlossToMetalRoughness.uexp" 742
"../../../Engine/Plugins/Interchange/Assets/Content/gltf/MaterialBodies/MF_SpecularGlossiness_Body.uasset" 743
"../../../Engine/Plugins/Interchange/Assets/Content/gltf/MaterialBodies/MF_SpecularGlossiness_Body.uexp" 744
"../../../Engine/Plugins/Interchange/Assets/Content/gltf/M_SpecularGlossiness.uasset" 745
"../../../Engine/Plugins/Interchange/Assets/Content/gltf/M_SpecularGlossiness.uexp" 746
"../../../Engine/Plugins/Interchange/Assets/Content/gltf/MaterialInstances/MI_SpecularGlossiness_Opaque_DS.uasset" 747
"../../../Engine/Plugins/Interchange/Assets/Content/gltf/MaterialInstances/MI_SpecularGlossiness_Opaque_DS.uexp" 748
"../../../Engine/Plugins/Interchange/Assets/Content/gltf/MaterialInstances/MI_SpecularGlossiness_Opaque.uasset" 749
"../../../Engine/Plugins/Interchange/Assets/Content/gltf/MaterialInstances/MI_SpecularGlossiness_Opaque.uexp" 750
"../../../Engine/Plugins/Interchange/Assets/Content/gltf/MaterialInstances/MI_SpecularGlossiness_Mask_DS.uasset" 751
"../../../Engine/Plugins/Interchange/Assets/Content/gltf/MaterialInstances/MI_SpecularGlossiness_Mask_DS.uexp" 752
"../../../Engine/Plugins/Interchange/Assets/Content/gltf/MaterialInstances/MI_SpecularGlossiness_Mask.uasset" 753
"../../../Engine/Plugins/Interchange/Assets/Content/gltf/MaterialInstances/MI_SpecularGlossiness_Mask.uexp" 754
"../../../Engine/Plugins/Interchange/Assets/Content/gltf/MaterialInstances/MI_SpecularGlossiness_Blend_DS.uasset" 755
"../../../Engine/Plugins/Interchange/Assets/Content/gltf/MaterialInstances/MI_SpecularGlossiness_Blend_DS.uexp" 756
"../../../Engine/Plugins/Interchange/Assets/Content/gltf/MaterialInstances/MI_SpecularGlossiness_Blend.uasset" 757
"../../../Engine/Plugins/Interchange/Assets/Content/gltf/MaterialInstances/MI_SpecularGlossiness_Blend.uexp" 758
"../../../Engine/Plugins/Interchange/Assets/Content/gltf/MaterialFunctions/MF_Sheen.uasset" 759
"../../../Engine/Plugins/Interchange/Assets/Content/gltf/MaterialFunctions/MF_Sheen.uexp" 760
"../../../Engine/Plugins/Interchange/Assets/Content/gltf/MaterialBodies/MF_Sheen_Body.uasset" 761
"../../../Engine/Plugins/Interchange/Assets/Content/gltf/MaterialBodies/MF_Sheen_Body.uexp" 762
"../../../Engine/Plugins/Interchange/Assets/Content/gltf/M_Sheen.uasset" 763
"../../../Engine/Plugins/Interchange/Assets/Content/gltf/M_Sheen.uexp" 764
"../../../Engine/Plugins/Interchange/Assets/Content/gltf/MaterialInstances/MI_Sheen_Opaque_DS.uasset" 765
"../../../Engine/Plugins/Interchange/Assets/Content/gltf/MaterialInstances/MI_Sheen_Opaque_DS.uexp" 766
"../../../Engine/Plugins/Interchange/Assets/Content/gltf/MaterialInstances/MI_Sheen_Opaque.uasset" 767
"../../../Engine/Plugins/Interchange/Assets/Content/gltf/MaterialInstances/MI_Sheen_Opaque.uexp" 768
"../../../Engine/Plugins/Interchange/Assets/Content/gltf/MaterialInstances/MI_Sheen_Mask_DS.uasset" 769
"../../../Engine/Plugins/Interchange/Assets/Content/gltf/MaterialInstances/MI_Sheen_Mask_DS.uexp" 770
"../../../Engine/Plugins/Interchange/Assets/Content/gltf/MaterialInstances/MI_Sheen_Mask.uasset" 771
"../../../Engine/Plugins/Interchange/Assets/Content/gltf/MaterialInstances/MI_Sheen_Mask.uexp" 772
"../../../Engine/Plugins/Interchange/Assets/Content/gltf/MaterialInstances/MI_Sheen_Blend_DS.uasset" 773
"../../../Engine/Plugins/Interchange/Assets/Content/gltf/MaterialInstances/MI_Sheen_Blend_DS.uexp" 774
"../../../Engine/Plugins/Interchange/Assets/Content/gltf/MaterialInstances/MI_Sheen_Blend.uasset" 775
"../../../Engine/Plugins/Interchange/Assets/Content/gltf/MaterialInstances/MI_Sheen_Blend.uexp" 776
"../../../Engine/Plugins/Interchange/Assets/Content/gltf/MaterialBodies/MF_Default_Body.uasset" 777
"../../../Engine/Plugins/Interchange/Assets/Content/gltf/MaterialBodies/MF_Default_Body.uexp" 778
"../../../Engine/Plugins/Interchange/Assets/Content/gltf/M_Default.uasset" 779
"../../../Engine/Plugins/Interchange/Assets/Content/gltf/M_Default.uexp" 780
"../../../Engine/Plugins/Interchange/Assets/Content/gltf/MaterialInstances/MI_Default_Opaque_DS.uasset" 781
"../../../Engine/Plugins/Interchange/Assets/Content/gltf/MaterialInstances/MI_Default_Opaque_DS.uexp" 782
"../../../Engine/Plugins/Interchange/Assets/Content/gltf/MaterialInstances/MI_Default_Opaque.uasset" 783
"../../../Engine/Plugins/Interchange/Assets/Content/gltf/MaterialInstances/MI_Default_Opaque.uexp" 784
"../../../Engine/Plugins/Interchange/Assets/Content/gltf/MaterialInstances/MI_Default_Mask_DS.uasset" 785
"../../../Engine/Plugins/Interchange/Assets/Content/gltf/MaterialInstances/MI_Default_Mask_DS.uexp" 786
"../../../Engine/Plugins/Interchange/Assets/Content/gltf/MaterialInstances/MI_Default_Mask.uasset" 787
"../../../Engine/Plugins/Interchange/Assets/Content/gltf/MaterialInstances/MI_Default_Mask.uexp" 788
"../../../Engine/Plugins/Interchange/Assets/Content/gltf/MaterialInstances/MI_Default_Blend_DS.uasset" 789
"../../../Engine/Plugins/Interchange/Assets/Content/gltf/MaterialInstances/MI_Default_Blend_DS.uexp" 790
"../../../Engine/Plugins/Interchange/Assets/Content/gltf/MaterialInstances/MI_Default_Blend.uasset" 791
"../../../Engine/Plugins/Interchange/Assets/Content/gltf/MaterialInstances/MI_Default_Blend.uexp" 792
"../../../Engine/Content/Functions/Engine_MaterialFunctions01/Texturing/FlattenNormal.uasset" 793
"../../../Engine/Content/Functions/Engine_MaterialFunctions01/Texturing/FlattenNormal.uexp" 794
"../../../Engine/Plugins/Interchange/Assets/Content/gltf/MaterialFunctions/MF_Clearcoat.uasset" 795
"../../../Engine/Plugins/Interchange/Assets/Content/gltf/MaterialFunctions/MF_Clearcoat.uexp" 796
"../../../Engine/Plugins/Interchange/Assets/Content/gltf/MaterialBodies/MF_ClearCoat_Body.uasset" 797
"../../../Engine/Plugins/Interchange/Assets/Content/gltf/MaterialBodies/MF_ClearCoat_Body.uexp" 798
"../../../Engine/Plugins/Interchange/Assets/Content/gltf/M_ClearCoat.uasset" 799
"../../../Engine/Plugins/Interchange/Assets/Content/gltf/M_ClearCoat.uexp" 800
"../../../Engine/Plugins/Interchange/Assets/Content/gltf/MaterialInstances/MI_ClearCoat_Opaque_DS.uasset" 801
"../../../Engine/Plugins/Interchange/Assets/Content/gltf/MaterialInstances/MI_ClearCoat_Opaque_DS.uexp" 802
"../../../Engine/Plugins/Interchange/Assets/Content/gltf/MaterialInstances/MI_ClearCoat_Opaque.uasset" 803
"../../../Engine/Plugins/Interchange/Assets/Content/gltf/MaterialInstances/MI_ClearCoat_Opaque.uexp" 804
"../../../Engine/Plugins/Interchange/Assets/Content/gltf/MaterialInstances/MI_ClearCoat_Mask_DS.uasset" 805
"../../../Engine/Plugins/Interchange/Assets/Content/gltf/MaterialInstances/MI_ClearCoat_Mask_DS.uexp" 806
"../../../Engine/Plugins/Interchange/Assets/Content/gltf/MaterialInstances/MI_ClearCoat_Mask.uasset" 807
"../../../Engine/Plugins/Interchange/Assets/Content/gltf/MaterialInstances/MI_ClearCoat_Mask.uexp" 808
"../../../Engine/Plugins/Interchange/Assets/Content/gltf/MaterialInstances/MI_ClearCoat_Blend_DS.uasset" 809
"../../../Engine/Plugins/Interchange/Assets/Content/gltf/MaterialInstances/MI_ClearCoat_Blend_DS.uexp" 810
"../../../Engine/Plugins/Interchange/Assets/Content/gltf/MaterialInstances/MI_ClearCoat_Blend.uasset" 811
"../../../Engine/Plugins/Interchange/Assets/Content/gltf/MaterialInstances/MI_ClearCoat_Blend.uexp" 812
"../../../Engine/Content/VREditor/TransformGizmo/Xray.uasset" 813
"../../../Engine/Content/VREditor/TransformGizmo/Xray.uexp" 814
"../../../Engine/Content/VREditor/TransformGizmo/Main.uasset" 815
"../../../Engine/Content/VREditor/TransformGizmo/Main.uexp" 816
"../../../Engine/Content/VREditor/TransformGizmo/SM_Sequencer_Node.ubulk" 817
"../../../Engine/Content/VREditor/TransformGizmo/SM_Sequencer_Node.uasset" 818
"../../../Engine/Content/VREditor/TransformGizmo/SM_Sequencer_Node.uexp" 819
"../../../Engine/Content/VREditor/TransformGizmo/TranslucentTransformGizmoMaterial.uasset" 820
"../../../Engine/Content/VREditor/TransformGizmo/TranslucentTransformGizmoMaterial.uexp" 821
"../../../Engine/Content/VREditor/LaserPointer/VR_LaserPower_01.ubulk" 822
"../../../Engine/Content/VREditor/LaserPointer/VR_LaserPower_01.uasset" 823
"../../../Engine/Content/VREditor/LaserPointer/VR_LaserPower_01.uexp" 824
"../../../Engine/Content/VREditor/TransformGizmo/TransformGizmoMaterial.uasset" 825
"../../../Engine/Content/VREditor/TransformGizmo/TransformGizmoMaterial.uexp" 826
"../../../Engine/Content/VREditor/TransformGizmo/BoundingBoxEdge.ubulk" 827
"../../../Engine/Content/VREditor/TransformGizmo/BoundingBoxEdge.uasset" 828
"../../../Engine/Content/VREditor/TransformGizmo/BoundingBoxEdge.uexp" 829
"../../../Engine/Content/VREditor/TransformGizmo/BoundingBoxCorner.ubulk" 830
"../../../Engine/Content/VREditor/TransformGizmo/BoundingBoxCorner.uasset" 831
"../../../Engine/Content/VREditor/TransformGizmo/BoundingBoxCorner.uexp" 832
"../../../Engine/Content/EditorMaterials/Camera/CineMat.uasset" 833
"../../../Engine/Content/EditorMaterials/Camera/CineMat.uexp" 834
"../../../Engine/Content/EditorMaterials/Camera/MI_CineMat_Rig.uasset" 835
"../../../Engine/Content/EditorMaterials/Camera/MI_CineMat_Rig.uexp" 836
"../../../Engine/Content/EditorMeshes/Camera/SM_RailRig_Track.ubulk" 837
"../../../Engine/Content/EditorMeshes/Camera/SM_RailRig_Track.uasset" 838
"../../../Engine/Content/EditorMeshes/Camera/SM_RailRig_Track.uexp" 839
"../../../Engine/Content/EditorMeshes/Camera/SM_RailRig_Mount.ubulk" 840
"../../../Engine/Content/EditorMeshes/Camera/SM_RailRig_Mount.uasset" 841
"../../../Engine/Content/EditorMeshes/Camera/SM_RailRig_Mount.uexp" 842
"../../../Engine/Content/EditorMeshes/Camera/SM_CraneRig_Mount.ubulk" 843
"../../../Engine/Content/EditorMeshes/Camera/SM_CraneRig_Mount.uasset" 844
"../../../Engine/Content/EditorMeshes/Camera/SM_CraneRig_Mount.uexp" 845
"../../../Engine/Content/EditorMeshes/Camera/SM_CraneRig_Body.ubulk" 846
"../../../Engine/Content/EditorMeshes/Camera/SM_CraneRig_Body.uasset" 847
"../../../Engine/Content/EditorMeshes/Camera/SM_CraneRig_Body.uexp" 848
"../../../Engine/Content/EditorMeshes/Camera/SM_CraneRig_Base.ubulk" 849
"../../../Engine/Content/EditorMeshes/Camera/SM_CraneRig_Base.uasset" 850
"../../../Engine/Content/EditorMeshes/Camera/SM_CraneRig_Base.uexp" 851
"../../../Engine/Content/EditorMeshes/Camera/SM_CraneRig_Arm.ubulk" 852
"../../../Engine/Content/EditorMeshes/Camera/SM_CraneRig_Arm.uasset" 853
"../../../Engine/Content/EditorMeshes/Camera/SM_CraneRig_Arm.uexp" 854
"../../../Engine/Content/EditorMaterials/Dataflow/DataflowVertexMaterial.uasset" 855
"../../../Engine/Content/EditorMaterials/Dataflow/DataflowVertexMaterial.uexp" 856
"../../../Engine/Content/EditorMaterials/Dataflow/DataflowTwoSidedVertexMaterial.uasset" 857
"../../../Engine/Content/EditorMaterials/Dataflow/DataflowTwoSidedVertexMaterial.uexp" 858
"../../../Engine/Content/ArtTools/RenderToTexture/Meshes/S_1_Unit_Plane.ubulk" 859
"../../../Engine/Content/ArtTools/RenderToTexture/Meshes/S_1_Unit_Plane.uasset" 860
"../../../Engine/Content/ArtTools/RenderToTexture/Meshes/S_1_Unit_Plane.uexp" 861
"../../../Engine/Content/EngineMaterials/Substrate/Volume/SubstrateSimpleVolumeLUT3D.uasset" 862
"../../../Engine/Content/EngineMaterials/Substrate/Volume/SubstrateSimpleVolumeLUT3D.uexp" 863
"../../../Engine/Content/EngineMaterials/Substrate/Volume/SubstrateSimpleVolumeEnvLUT3D.uasset" 864
"../../../Engine/Content/EngineMaterials/Substrate/Volume/SubstrateSimpleVolumeEnvLUT3D.uexp" 865
"../../../Engine/Content/EngineMaterials/Substrate/Glints2/AGlintTex2dArray2.uasset" 866
"../../../Engine/Content/EngineMaterials/Substrate/Glints2/AGlintTex2dArray2.uexp" 867
"../../../Engine/Content/EngineMaterials/Substrate/GLints/AGlintTex2dArray.uasset" 868
"../../../Engine/Content/EngineMaterials/Substrate/GLints/AGlintTex2dArray.uexp" 869
"../../../Engine/Content/Functions/Engine_MaterialFunctions01/Shading/PowerToRoughness.uasset" 870
"../../../Engine/Content/Functions/Engine_MaterialFunctions01/Shading/PowerToRoughness.uexp" 871
"../../../Engine/Content/Functions/Engine_MaterialFunctions01/Shading/ConvertFromDiffSpec.uasset" 872
"../../../Engine/Content/Functions/Engine_MaterialFunctions01/Shading/ConvertFromDiffSpec.uexp" 873
"../../../Engine/Plugins/NNE/NNEDenoiser/Content/NNE_oidn2-3-0_rt_hdr_calb_cnrm_large__dyn__fp16_opset11_ForwardAlpha.uasset" 874
"../../../Engine/Plugins/NNE/NNEDenoiser/Content/NNE_oidn2-3-0_rt_hdr_calb_cnrm_large__dyn__fp16_opset11_ForwardAlpha.uexp" 875
"../../../Engine/Plugins/NNE/NNEDenoiser/Content/NNE_oidn2-3-0_rt_hdr_calb_cnrm_large__dyn__fp16_opset11_DenoiseAlpha.uasset" 876
"../../../Engine/Plugins/NNE/NNEDenoiser/Content/NNE_oidn2-3-0_rt_hdr_calb_cnrm_large__dyn__fp16_opset11_DenoiseAlpha.uexp" 877
"../../../Engine/Plugins/NNE/NNEDenoiser/Content/NNE_oidn2-3-0_rt_hdr_alb_nrm__dyn__fp16_opset11_ForwardAlpha.uasset" 878
"../../../Engine/Plugins/NNE/NNEDenoiser/Content/NNE_oidn2-3-0_rt_hdr_alb_nrm__dyn__fp16_opset11_ForwardAlpha.uexp" 879
"../../../Engine/Plugins/NNE/NNEDenoiser/Content/NNE_oidn2-3-0_rt_hdr_alb_nrm__dyn__fp16_opset11_DenoiseAlpha.uasset" 880
"../../../Engine/Plugins/NNE/NNEDenoiser/Content/NNE_oidn2-3-0_rt_hdr_alb_nrm__dyn__fp16_opset11_DenoiseAlpha.uexp" 881
"../../../Engine/Plugins/NNE/NNEDenoiser/Content/NNE_oidn2-3-0_rt_hdr_alb_nrm_small__dyn__fp16_opset11_ForwardAlpha.uasset" 882
"../../../Engine/Plugins/NNE/NNEDenoiser/Content/NNE_oidn2-3-0_rt_hdr_alb_nrm_small__dyn__fp16_opset11_ForwardAlpha.uexp" 883
"../../../Engine/Plugins/NNE/NNEDenoiser/Content/NNE_oidn2-3-0_rt_hdr_alb_nrm_small__dyn__fp16_opset11_DenoiseAlpha.uasset" 884
"../../../Engine/Plugins/NNE/NNEDenoiser/Content/NNE_oidn2-3-0_rt_hdr_alb_nrm_small__dyn__fp16_opset11_DenoiseAlpha.uexp" 885
"../../../Engine/Plugins/NNE/NNEDenoiser/Content/NNED_Oidn2-3_HighQuality_Alpha.uasset" 886
"../../../Engine/Plugins/NNE/NNEDenoiser/Content/NNED_Oidn2-3_HighQuality_Alpha.uexp" 887
"../../../Engine/Plugins/NNE/NNEDenoiser/Content/NNED_Oidn2-3_HighQuality.uasset" 888
"../../../Engine/Plugins/NNE/NNEDenoiser/Content/NNED_Oidn2-3_HighQuality.uexp" 889
"../../../Engine/Plugins/NNE/NNEDenoiser/Content/NNED_Oidn2-3_Fast_Alpha.uasset" 890
"../../../Engine/Plugins/NNE/NNEDenoiser/Content/NNED_Oidn2-3_Fast_Alpha.uexp" 891
"../../../Engine/Plugins/NNE/NNEDenoiser/Content/NNED_Oidn2-3_Fast.uasset" 892
"../../../Engine/Plugins/NNE/NNEDenoiser/Content/NNED_Oidn2-3_Fast.uexp" 893
"../../../Engine/Plugins/NNE/NNEDenoiser/Content/NNED_Oidn2-3_Balanced_Alpha.uasset" 894
"../../../Engine/Plugins/NNE/NNEDenoiser/Content/NNED_Oidn2-3_Balanced_Alpha.uexp" 895
"../../../Engine/Plugins/NNE/NNEDenoiser/Content/NNED_Oidn2-3_Balanced.uasset" 896
"../../../Engine/Plugins/NNE/NNEDenoiser/Content/NNED_Oidn2-3_Balanced.uexp" 897
"../../../Engine/Plugins/NNE/NNEDenoiser/Content/NNEDT_Oidn2-3_Balanced_Alpha.uasset" 898
"../../../Engine/Plugins/NNE/NNEDenoiser/Content/NNEDT_Oidn2-3_Balanced_Alpha.uexp" 899
"../../../Engine/Plugins/NNE/NNEDenoiser/Content/NNEDT_Oidn2-3_Balanced.uasset" 900
"../../../Engine/Plugins/NNE/NNEDenoiser/Content/NNEDT_Oidn2-3_Balanced.uexp" 901
"../../../Engine/Plugins/Animation/DeformerGraph/Content/DeformerFunctions/DG_Function_LinearBlendSkin_Morph_Cloth_PositionOnly.uasset" 902
"../../../Engine/Plugins/Animation/DeformerGraph/Content/DeformerFunctions/DG_Function_LinearBlendSkin_Morph_Cloth_PositionOnly.uexp" 903
"../../../Engine/Plugins/Animation/DeformerGraph/Content/DeformerFunctions/DG_Function_ComputeNormalsTangents.uasset" 904
"../../../Engine/Plugins/Animation/DeformerGraph/Content/DeformerFunctions/DG_Function_ComputeNormalsTangents.uexp" 905
"../../../Engine/Plugins/Animation/DeformerGraph/Content/Deformers/DG_LinearBlendSkin_Morph_Cloth_RecomputeNormals.uasset" 906
"../../../Engine/Plugins/Animation/DeformerGraph/Content/Deformers/DG_LinearBlendSkin_Morph_Cloth_RecomputeNormals.uexp" 907
"../../../Engine/Plugins/Animation/DeformerGraph/Content/DeformerFunctions/DG_Function_LinearBlendSkin_Morph_Cloth.uasset" 908
"../../../Engine/Plugins/Animation/DeformerGraph/Content/DeformerFunctions/DG_Function_LinearBlendSkin_Morph_Cloth.uexp" 909
"../../../Engine/Plugins/Animation/DeformerGraph/Content/Deformers/DG_LinearBlendSkin_Morph_Cloth.uasset" 910
"../../../Engine/Plugins/Animation/DeformerGraph/Content/Deformers/DG_LinearBlendSkin_Morph_Cloth.uexp" 911
"../../../Engine/Content/VREditor/TransformGizmo/TranslucentTransformGizmoMaterial_Inst.uasset" 912
"../../../Engine/Content/VREditor/TransformGizmo/TranslucentTransformGizmoMaterial_Inst.uexp" 913
"../../../Engine/Content/VREditor/Sounds/UI/Drop_Item_From_ContentBrowser.ubulk" 914
"../../../Engine/Content/VREditor/Sounds/UI/Drop_Item_From_ContentBrowser.uasset" 915
"../../../Engine/Content/VREditor/Sounds/UI/Drop_Item_From_ContentBrowser.uexp" 916
"../../../Engine/Content/VREditor/TransformGizmo/TransformGizmoMaterial_Inst.uasset" 917
"../../../Engine/Content/VREditor/TransformGizmo/TransformGizmoMaterial_Inst.uexp" 918
"../../../Engine/Content/VREditor/TransformGizmo/UniformScaleHandle.ubulk" 919
"../../../Engine/Content/VREditor/TransformGizmo/UniformScaleHandle.uasset" 920
"../../../Engine/Content/VREditor/TransformGizmo/UniformScaleHandle.uexp" 921
"../../../Engine/Content/Functions/Engine_MaterialFunctions02/SplitComponents.uasset" 922
"../../../Engine/Content/Functions/Engine_MaterialFunctions02/SplitComponents.uexp" 923
"../../../Engine/Content/VREditor/SnapGrid/SnapGridMaterial.uasset" 924
"../../../Engine/Content/VREditor/SnapGrid/SnapGridMaterial.uexp" 925
"../../../Engine/Content/VREditor/SnapGrid/SnapGridPlaneMesh.ubulk" 926
"../../../Engine/Content/VREditor/SnapGrid/SnapGridPlaneMesh.uasset" 927
"../../../Engine/Content/VREditor/SnapGrid/SnapGridPlaneMesh.uexp" 928
"../../../Engine/Content/VREditor/Sounds/UI/Gizmo_Handle_Clicked.ubulk" 929
"../../../Engine/Content/VREditor/Sounds/UI/Gizmo_Handle_Clicked.uasset" 930
"../../../Engine/Content/VREditor/Sounds/UI/Gizmo_Handle_Clicked.uexp" 931
"../../../Engine/Content/VREditor/Sounds/UI/Object_PickUp.ubulk" 932
"../../../Engine/Content/VREditor/Sounds/UI/Object_PickUp.uasset" 933
"../../../Engine/Content/VREditor/Sounds/UI/Object_PickUp.uexp" 934
"../../../Engine/Content/VREditor/Sounds/UI/Object_Snaps_To_Another_Actor.ubulk" 935
"../../../Engine/Content/VREditor/Sounds/UI/Object_Snaps_To_Another_Actor.uasset" 936
"../../../Engine/Content/VREditor/Sounds/UI/Object_Snaps_To_Another_Actor.uexp" 937
"../../../Engine/Content/VREditor/Sounds/UI/Object_Snaps_To_Grid.ubulk" 938
"../../../Engine/Content/VREditor/Sounds/UI/Object_Snaps_To_Grid.uasset" 939
"../../../Engine/Content/VREditor/Sounds/UI/Object_Snaps_To_Grid.uexp" 940
"../../../Engine/Content/VREditor/Sounds/UI/Scaling_Down.ubulk" 941
"../../../Engine/Content/VREditor/Sounds/UI/Scaling_Down.uasset" 942
"../../../Engine/Content/VREditor/Sounds/UI/Scaling_Down.uexp" 943
"../../../Engine/Content/VREditor/Sounds/UI/Scaling_Up.ubulk" 944
"../../../Engine/Content/VREditor/Sounds/UI/Scaling_Up.uasset" 945
"../../../Engine/Content/VREditor/Sounds/UI/Scaling_Up.uexp" 946
"../../../Engine/Content/VREditor/Sounds/UI/Selection_Changes.ubulk" 947
"../../../Engine/Content/VREditor/Sounds/UI/Selection_Changes.uasset" 948
"../../../Engine/Content/VREditor/Sounds/UI/Selection_Changes.uexp" 949
"../../../Engine/Content/VREditor/TransformGizmo/PlaneTranslationHandle.ubulk" 950
"../../../Engine/Content/VREditor/TransformGizmo/PlaneTranslationHandle.uasset" 951
"../../../Engine/Content/VREditor/TransformGizmo/PlaneTranslationHandle.uexp" 952
"../../../Engine/Content/VREditor/TransformGizmo/RotationHandleFull.ubulk" 953
"../../../Engine/Content/VREditor/TransformGizmo/RotationHandleFull.uasset" 954
"../../../Engine/Content/VREditor/TransformGizmo/RotationHandleFull.uexp" 955
"../../../Engine/Content/VREditor/TransformGizmo/RotationHandleIndicator.ubulk" 956
"../../../Engine/Content/VREditor/TransformGizmo/RotationHandleIndicator.uasset" 957
"../../../Engine/Content/VREditor/TransformGizmo/RotationHandleIndicator.uexp" 958
"../../../Engine/Content/VREditor/TransformGizmo/RotationHandleQuarter.ubulk" 959
"../../../Engine/Content/VREditor/TransformGizmo/RotationHandleQuarter.uasset" 960
"../../../Engine/Content/VREditor/TransformGizmo/RotationHandleQuarter.uexp" 961
"../../../Engine/Content/VREditor/TransformGizmo/StartRotationHandleIndicator.ubulk" 962
"../../../Engine/Content/VREditor/TransformGizmo/StartRotationHandleIndicator.uasset" 963
"../../../Engine/Content/VREditor/TransformGizmo/StartRotationHandleIndicator.uexp" 964
"../../../Engine/Content/VREditor/TransformGizmo/TransformGizmoFreeRotation.ubulk" 965
"../../../Engine/Content/VREditor/TransformGizmo/TransformGizmoFreeRotation.uasset" 966
"../../../Engine/Content/VREditor/TransformGizmo/TransformGizmoFreeRotation.uexp" 967
"../../../Engine/Content/VREditor/TransformGizmo/TranslateArrowHandle.ubulk" 968
"../../../Engine/Content/VREditor/TransformGizmo/TranslateArrowHandle.uasset" 969
"../../../Engine/Content/VREditor/TransformGizmo/TranslateArrowHandle.uexp" 970
"../../../Engine/Content/EngineResources/LandscapeVisibilityLayerInfo.uasset" 971
"../../../Engine/Content/EngineResources/LandscapeVisibilityLayerInfo.uexp" 972
"../../../Engine/Content/Maps/Entry_BuiltData.uasset" 973
"../../../Engine/Content/Maps/Entry_BuiltData.uexp" 974
"../../../Engine/Content/Maps/Entry.uexp" 975
"../../../Engine/Content/Maps/Entry.umap" 976
"../../../Engine/Content/BasicShapes/Cube.ubulk" 977
"../../../Engine/Content/BasicShapes/Cube.uasset" 978
"../../../Engine/Content/BasicShapes/Cube.uexp" 979
"../../../Engine/Plugins/Fab/Content/Textures/Standard/T_DefaultNormal.uasset" 980
"../../../Engine/Plugins/Fab/Content/Textures/Standard/T_DefaultNormal.uexp" 981
"../../../Engine/Plugins/Fab/Content/Textures/Standard/T_DefaultMasks.uasset" 982
"../../../Engine/Plugins/Fab/Content/Textures/Standard/T_DefaultMasks.uexp" 983
"../../../Engine/Plugins/Fab/Content/Textures/Standard/T_DefaultDisplacement.uasset" 984
"../../../Engine/Plugins/Fab/Content/Textures/Standard/T_DefaultDisplacement.uexp" 985
"../../../Engine/Plugins/Fab/Content/Textures/Standard/T_DefaultColor.uasset" 986
"../../../Engine/Plugins/Fab/Content/Textures/Standard/T_DefaultColor.uexp" 987
"../../../Engine/Plugins/Fab/Content/MaterialFunctions/QMF_AOAdjustments.uasset" 988
"../../../Engine/Plugins/Fab/Content/MaterialFunctions/QMF_AOAdjustments.uexp" 989
"../../../Engine/Plugins/Fab/Content/MaterialFunctions/QMF_BaseColorAdjustments.uasset" 990
"../../../Engine/Plugins/Fab/Content/MaterialFunctions/QMF_BaseColorAdjustments.uexp" 991
"../../../Engine/Plugins/Fab/Content/MaterialFunctions/QMF_NormalAdjustments.uasset" 992
"../../../Engine/Plugins/Fab/Content/MaterialFunctions/QMF_NormalAdjustments.uexp" 993
"../../../Engine/Plugins/Fab/Content/MaterialFunctions/QMF_RoughnessAdjustments.uasset" 994
"../../../Engine/Plugins/Fab/Content/MaterialFunctions/QMF_RoughnessAdjustments.uexp" 995
"../../../Engine/Plugins/Fab/Content/MaterialFunctions/QMF_Tiling.uasset" 996
"../../../Engine/Plugins/Fab/Content/MaterialFunctions/QMF_Tiling.uexp" 997
"../../../Engine/Plugins/Fab/Content/Materials/Standard/M_MS_Srf.uasset" 998
"../../../Engine/Plugins/Fab/Content/Materials/Standard/M_MS_Srf.uexp" 999
"C:/MyUnreal/EN6/Content/Fab/Megascans/Surfaces/Plastered_Concrete_Wall_ugtkdffg/Medium/ugtkdffg_tier_2/Textures/T_ugtkdffg_2K_ORM.ubulk" 1000
"C:/MyUnreal/EN6/Content/Fab/Megascans/Surfaces/Plastered_Concrete_Wall_ugtkdffg/Medium/ugtkdffg_tier_2/Textures/T_ugtkdffg_2K_ORM.uasset" 1001
"C:/MyUnreal/EN6/Content/Fab/Megascans/Surfaces/Plastered_Concrete_Wall_ugtkdffg/Medium/ugtkdffg_tier_2/Textures/T_ugtkdffg_2K_ORM.uexp" 1002
"C:/MyUnreal/EN6/Content/Fab/Megascans/Surfaces/Plastered_Concrete_Wall_ugtkdffg/Medium/ugtkdffg_tier_2/Textures/T_ugtkdffg_2K_N.ubulk" 1003
"C:/MyUnreal/EN6/Content/Fab/Megascans/Surfaces/Plastered_Concrete_Wall_ugtkdffg/Medium/ugtkdffg_tier_2/Textures/T_ugtkdffg_2K_N.uasset" 1004
"C:/MyUnreal/EN6/Content/Fab/Megascans/Surfaces/Plastered_Concrete_Wall_ugtkdffg/Medium/ugtkdffg_tier_2/Textures/T_ugtkdffg_2K_N.uexp" 1005
"C:/MyUnreal/EN6/Content/Fab/Megascans/Surfaces/Plastered_Concrete_Wall_ugtkdffg/Medium/ugtkdffg_tier_2/Textures/T_ugtkdffg_2K_B.ubulk" 1006
"C:/MyUnreal/EN6/Content/Fab/Megascans/Surfaces/Plastered_Concrete_Wall_ugtkdffg/Medium/ugtkdffg_tier_2/Textures/T_ugtkdffg_2K_B.uasset" 1007
"C:/MyUnreal/EN6/Content/Fab/Megascans/Surfaces/Plastered_Concrete_Wall_ugtkdffg/Medium/ugtkdffg_tier_2/Textures/T_ugtkdffg_2K_B.uexp" 1008
"C:/MyUnreal/EN6/Content/Art/3D/Wall/MI_ugtkdffg.uasset" 1009
"C:/MyUnreal/EN6/Content/Art/3D/Wall/MI_ugtkdffg.uexp" 1010
"C:/MyUnreal/EN6/Content/BluePrints/BP_Wall.uasset" 1011
"C:/MyUnreal/EN6/Content/BluePrints/BP_Wall.uexp" 1012
"C:/MyUnreal/EN6/Content/BluePrints/BP_Parent_Object.uasset" 1013
"C:/MyUnreal/EN6/Content/BluePrints/BP_Parent_Object.uexp" 1014
"../../../Engine/Plugins/Interchange/Assets/Content/Functions/MF_PhongToMetalRoughness.uasset" 1015
"../../../Engine/Plugins/Interchange/Assets/Content/Functions/MF_PhongToMetalRoughness.uexp" 1016
"C:/MyUnreal/EN6/Content/Art/3D/Crayon/TEX_Crayons_diffuse.ubulk" 1017
"C:/MyUnreal/EN6/Content/Art/3D/Crayon/TEX_Crayons_diffuse.uasset" 1018
"C:/MyUnreal/EN6/Content/Art/3D/Crayon/TEX_Crayons_diffuse.uexp" 1019
"C:/MyUnreal/EN6/Content/Art/3D/Crayon/Crayons_body_1.uasset" 1020
"C:/MyUnreal/EN6/Content/Art/3D/Crayon/Crayons_body_1.uexp" 1021
"C:/MyUnreal/EN6/Content/Art/3D/Crayon/Crayons_1.ubulk" 1022
"C:/MyUnreal/EN6/Content/Art/3D/Crayon/Crayons_1.uasset" 1023
"C:/MyUnreal/EN6/Content/Art/3D/Crayon/Crayons_1.uexp" 1024
"C:/MyUnreal/EN6/Content/Art/3D/Crayon/Crayons_body_TEST.uasset" 1025
"C:/MyUnreal/EN6/Content/Art/3D/Crayon/Crayons_body_TEST.uexp" 1026
"C:/MyUnreal/EN6/Content/BluePrints/Crayon/BP_Crayon_Orange.uasset" 1027
"C:/MyUnreal/EN6/Content/BluePrints/Crayon/BP_Crayon_Orange.uexp" 1028
"C:/MyUnreal/EN6/Content/Art/3D/Button_1/Stop_Button_01_Mat_Base_Color.ubulk" 1029
"C:/MyUnreal/EN6/Content/Art/3D/Button_1/Stop_Button_01_Mat_Base_Color.uasset" 1030
"C:/MyUnreal/EN6/Content/Art/3D/Button_1/Stop_Button_01_Mat_Base_Color.uexp" 1031
"C:/MyUnreal/EN6/Content/Art/3D/Button_1/Stop_Button_01_Mat_Base_Color_.uasset" 1032
"C:/MyUnreal/EN6/Content/Art/3D/Button_1/Stop_Button_01_Mat_Base_Color_.uexp" 1033
"C:/MyUnreal/EN6/Content/Art/3D/Button_1/Stop_Button_01_Mat.uasset" 1034
"C:/MyUnreal/EN6/Content/Art/3D/Button_1/Stop_Button_01_Mat.uexp" 1035
"C:/MyUnreal/EN6/Content/Art/3D/Button_1/Stop_Button_01.ubulk" 1036
"C:/MyUnreal/EN6/Content/Art/3D/Button_1/Stop_Button_01.uasset" 1037
"C:/MyUnreal/EN6/Content/Art/3D/Button_1/Stop_Button_01.uexp" 1038
"C:/MyUnreal/EN6/Content/BluePrints/BP_Button_1.uasset" 1039
"C:/MyUnreal/EN6/Content/BluePrints/BP_Button_1.uexp" 1040
"../../../Engine/Content/Functions/Engine_MaterialFunctions02/Utility/MakeFloat4.uasset" 1041
"../../../Engine/Content/Functions/Engine_MaterialFunctions02/Utility/MakeFloat4.uexp" 1042
"C:/MyUnreal/EN6/Content/Art/3D/Outline_Mat/M_OutlinePostProcess.uasset" 1043
"C:/MyUnreal/EN6/Content/Art/3D/Outline_Mat/M_OutlinePostProcess.uexp" 1044
"C:/MyUnreal/EN6/Content/Art/3D/Outline_Mat/M_OutlinePostProcess_Ins.uasset" 1045
"C:/MyUnreal/EN6/Content/Art/3D/Outline_Mat/M_OutlinePostProcess_Ins.uexp" 1046
"C:/MyUnreal/EN6/Content/Art/3D/Crayon/Crayons_3.ubulk" 1047
"C:/MyUnreal/EN6/Content/Art/3D/Crayon/Crayons_3.uasset" 1048
"C:/MyUnreal/EN6/Content/Art/3D/Crayon/Crayons_3.uexp" 1049
"C:/MyUnreal/EN6/Content/BluePrints/Crayon/BP_Crayon_Purple.uasset" 1050
"C:/MyUnreal/EN6/Content/BluePrints/Crayon/BP_Crayon_Purple.uexp" 1051
"C:/MyUnreal/EN6/Content/Art/3D/Crayon/Crayons_2.ubulk" 1052
"C:/MyUnreal/EN6/Content/Art/3D/Crayon/Crayons_2.uasset" 1053
"C:/MyUnreal/EN6/Content/Art/3D/Crayon/Crayons_2.uexp" 1054
"C:/MyUnreal/EN6/Content/BluePrints/Crayon/BP_Crayon_Pink.uasset" 1055
"C:/MyUnreal/EN6/Content/BluePrints/Crayon/BP_Crayon_Pink.uexp" 1056
"C:/MyUnreal/EN6/Content/Art/3D/Crayon/Crayons_4.ubulk" 1057
"C:/MyUnreal/EN6/Content/Art/3D/Crayon/Crayons_4.uasset" 1058
"C:/MyUnreal/EN6/Content/Art/3D/Crayon/Crayons_4.uexp" 1059
"C:/MyUnreal/EN6/Content/BluePrints/Crayon/BP_Crayon_Green.uasset" 1060
"C:/MyUnreal/EN6/Content/BluePrints/Crayon/BP_Crayon_Green.uexp" 1061
"C:/MyUnreal/EN6/Content/Art/3D/Crayon/Crayons_5.ubulk" 1062
"C:/MyUnreal/EN6/Content/Art/3D/Crayon/Crayons_5.uasset" 1063
"C:/MyUnreal/EN6/Content/Art/3D/Crayon/Crayons_5.uexp" 1064
"C:/MyUnreal/EN6/Content/BluePrints/Crayon/BP_Crayon_Blue.uasset" 1065
"C:/MyUnreal/EN6/Content/BluePrints/Crayon/BP_Crayon_Blue.uexp" 1066
"C:/MyUnreal/EN6/Content/Level/InGame.uexp" 1067
"C:/MyUnreal/EN6/Content/Level/InGame.umap" 1068
"C:/MyUnreal/EN6/Content/Sound/off.ubulk" 1069
"C:/MyUnreal/EN6/Content/Sound/off.uasset" 1070
"C:/MyUnreal/EN6/Content/Sound/off.uexp" 1071
"C:/MyUnreal/EN6/Content/Sound/on.ubulk" 1072
"C:/MyUnreal/EN6/Content/Sound/on.uasset" 1073
"C:/MyUnreal/EN6/Content/Sound/on.uexp" 1074
"C:/MyUnreal/EN6/Content/Widgets/WBP_Popup_NewGame.uasset" 1075
"C:/MyUnreal/EN6/Content/Widgets/WBP_Popup_NewGame.uexp" 1076
"C:/MyUnreal/EN6/Content/Widgets/WBP_Popup_Exit.uasset" 1077
"C:/MyUnreal/EN6/Content/Widgets/WBP_Popup_Exit.uexp" 1078
"C:/MyUnreal/EN6/Content/Art/UI/Sample_BG.uasset" 1079
"C:/MyUnreal/EN6/Content/Art/UI/Sample_BG.uexp" 1080
"C:/MyUnreal/EN6/Content/Sound/button2.ubulk" 1081
"C:/MyUnreal/EN6/Content/Sound/button2.uasset" 1082
"C:/MyUnreal/EN6/Content/Sound/button2.uexp" 1083
"C:/MyUnreal/EN6/Content/Widgets/WBP_Settings.uasset" 1084
"C:/MyUnreal/EN6/Content/Widgets/WBP_Settings.uexp" 1085
"C:/MyUnreal/EN6/Content/Widgets/WBP_Popup_Continue.uasset" 1086
"C:/MyUnreal/EN6/Content/Widgets/WBP_Popup_Continue.uexp" 1087
"C:/MyUnreal/EN6/Content/Sound/button1.ubulk" 1088
"C:/MyUnreal/EN6/Content/Sound/button1.uasset" 1089
"C:/MyUnreal/EN6/Content/Sound/button1.uexp" 1090
"C:/MyUnreal/EN6/Content/Widgets/WBP_MainMenu.uasset" 1091
"C:/MyUnreal/EN6/Content/Widgets/WBP_MainMenu.uexp" 1092
"C:/MyUnreal/EN6/Content/Sound/DST-TowerDefenseTheme.ubulk" 1093
"C:/MyUnreal/EN6/Content/Sound/DST-TowerDefenseTheme.uasset" 1094
"C:/MyUnreal/EN6/Content/Sound/DST-TowerDefenseTheme.uexp" 1095
"C:/MyUnreal/EN6/Content/Level/MainMenu.uexp" 1096
"C:/MyUnreal/EN6/Content/Level/MainMenu.umap" 1097
